2021-04-14T14:10:41.971223100Z 2021-04-14 14:10:41 [info     ] Generating measure for {study_name} in {output_dir} [cohortextractor.cohortextractor] 
2021-04-14T14:10:42.564076700Z 2021-04-14 14:10:42 [info     ] Created measure output at output/measures/measure_gpc_practice_2020-12-01.csv [cohortextractor.cohortextractor] 
2021-04-14T14:10:42.579816800Z 2021-04-14 14:10:42 [info     ] Created measure output at output/measures/measure_snomed_OCall_practice_2020-12-01.csv [cohortextractor.cohortextractor] 
2021-04-14T14:10:42.596417600Z 2021-04-14 14:10:42 [info     ] Created measure output at output/measures/measure_snomed_1068881000000101_practice_2020-12-01.csv [cohortextractor.cohortextractor] 
2021-04-14T14:10:42.618748800Z 2021-04-14 14:10:42 [info     ] Created measure output at output/measures/measure_snomed_978871000000104_practice_2020-12-01.csv [cohortextractor.cohortextractor] 
2021-04-14T14:10:42.638383800Z 2021-04-14 14:10:42 [info     ] Created measure output at output/measures/measure_snomed_325991000000105_practice_2020-12-01.csv [cohortextractor.cohortextractor] 
2021-04-14T14:10:42.651947600Z 2021-04-14 14:10:42 [info     ] Created measure output at output/measures/measure_snomed_325911000000101_practice_2020-12-01.csv [cohortextractor.cohortextractor] 
2021-04-14T14:10:42.694090800Z 2021-04-14 14:10:42 [info     ] Created measure output at output/measures/measure_OC_OC10_practice_2020-12-01.csv [cohortextractor.cohortextractor] 
2021-04-14T14:10:42.737130300Z 2021-04-14 14:10:42 [info     ] Created measure output at output/measures/measure_OC_Y1f3b_practice_2020-12-01.csv [cohortextractor.cohortextractor] 
2021-04-14T14:10:42.794865300Z 2021-04-14 14:10:42 [info     ] Created measure output at output/measures/measure_OC_XaXcK_practice_2020-12-01.csv [cohortextractor.cohortextractor] 
2021-04-14T14:10:42.835368400Z 2021-04-14 14:10:42 [info     ] Created measure output at output/measures/measure_OC_computerlink_practice_2020-12-01.csv [cohortextractor.cohortextractor] 
2021-04-14T14:10:42.846575300Z 2021-04-14 14:10:42 [info     ] Created measure output at output/measures/measure_OC_alertreceived_practice_2020-12-01.csv [cohortextractor.cohortextractor] 
2021-04-14T14:10:42.858426000Z 2021-04-14 14:10:42 [info     ] Created measure output at output/measures/measure_OC_Y22b4_practice_2020-12-01.csv [cohortextractor.cohortextractor] 
2021-04-14T14:10:42.887415300Z 2021-04-14 14:10:42 [info     ] Created measure output at output/measures/measure_gpc_practice_2020-07-01.csv [cohortextractor.cohortextractor] 
2021-04-14T14:10:42.909045600Z 2021-04-14 14:10:42 [info     ] Created measure output at output/measures/measure_snomed_OCall_practice_2020-07-01.csv [cohortextractor.cohortextractor] 
2021-04-14T14:10:42.925450900Z 2021-04-14 14:10:42 [info     ] Created measure output at output/measures/measure_snomed_1068881000000101_practice_2020-07-01.csv [cohortextractor.cohortextractor] 
2021-04-14T14:10:42.943885200Z 2021-04-14 14:10:42 [info     ] Created measure output at output/measures/measure_snomed_978871000000104_practice_2020-07-01.csv [cohortextractor.cohortextractor] 
2021-04-14T14:10:42.963769000Z 2021-04-14 14:10:42 [info     ] Created measure output at output/measures/measure_snomed_325991000000105_practice_2020-07-01.csv [cohortextractor.cohortextractor] 
2021-04-14T14:10:43.013626500Z 2021-04-14 14:10:43 [info     ] Created measure output at output/measures/measure_snomed_325911000000101_practice_2020-07-01.csv [cohortextractor.cohortextractor] 
2021-04-14T14:10:43.048086100Z 2021-04-14 14:10:43 [info     ] Created measure output at output/measures/measure_OC_OC10_practice_2020-07-01.csv [cohortextractor.cohortextractor] 
2021-04-14T14:10:43.076061400Z 2021-04-14 14:10:43 [info     ] Created measure output at output/measures/measure_OC_Y1f3b_practice_2020-07-01.csv [cohortextractor.cohortextractor] 
2021-04-14T14:10:43.101965800Z 2021-04-14 14:10:43 [info     ] Created measure output at output/measures/measure_OC_XaXcK_practice_2020-07-01.csv [cohortextractor.cohortextractor] 
2021-04-14T14:10:43.186115700Z 2021-04-14 14:10:43 [info     ] Created measure output at output/measures/measure_OC_computerlink_practice_2020-07-01.csv [cohortextractor.cohortextractor] 
2021-04-14T14:10:43.260452900Z 2021-04-14 14:10:43 [info     ] Created measure output at output/measures/measure_OC_alertreceived_practice_2020-07-01.csv [cohortextractor.cohortextractor] 
2021-04-14T14:10:43.358017300Z 2021-04-14 14:10:43 [info     ] Created measure output at output/measures/measure_OC_Y22b4_practice_2020-07-01.csv [cohortextractor.cohortextractor] 
2021-04-14T14:10:43.428073400Z 2021-04-14 14:10:43 [info     ] Created measure output at output/measures/measure_gpc_practice_2020-08-01.csv [cohortextractor.cohortextractor] 
2021-04-14T14:10:43.448236200Z 2021-04-14 14:10:43 [info     ] Created measure output at output/measures/measure_snomed_OCall_practice_2020-08-01.csv [cohortextractor.cohortextractor] 
2021-04-14T14:10:43.508820200Z 2021-04-14 14:10:43 [info     ] Created measure output at output/measures/measure_snomed_1068881000000101_practice_2020-08-01.csv [cohortextractor.cohortextractor] 
2021-04-14T14:10:43.568553600Z 2021-04-14 14:10:43 [info     ] Created measure output at output/measures/measure_snomed_978871000000104_practice_2020-08-01.csv [cohortextractor.cohortextractor] 
2021-04-14T14:10:43.611520700Z 2021-04-14 14:10:43 [info     ] Created measure output at output/measures/measure_snomed_325991000000105_practice_2020-08-01.csv [cohortextractor.cohortextractor] 
2021-04-14T14:10:43.639531000Z 2021-04-14 14:10:43 [info     ] Created measure output at output/measures/measure_snomed_325911000000101_practice_2020-08-01.csv [cohortextractor.cohortextractor] 
2021-04-14T14:10:43.660706600Z 2021-04-14 14:10:43 [info     ] Created measure output at output/measures/measure_OC_OC10_practice_2020-08-01.csv [cohortextractor.cohortextractor] 
2021-04-14T14:10:43.686835600Z 2021-04-14 14:10:43 [info     ] Created measure output at output/measures/measure_OC_Y1f3b_practice_2020-08-01.csv [cohortextractor.cohortextractor] 
2021-04-14T14:10:43.723095500Z 2021-04-14 14:10:43 [info     ] Created measure output at output/measures/measure_OC_XaXcK_practice_2020-08-01.csv [cohortextractor.cohortextractor] 
2021-04-14T14:10:43.760579100Z 2021-04-14 14:10:43 [info     ] Created measure output at output/measures/measure_OC_computerlink_practice_2020-08-01.csv [cohortextractor.cohortextractor] 
2021-04-14T14:10:43.810503200Z 2021-04-14 14:10:43 [info     ] Created measure output at output/measures/measure_OC_alertreceived_practice_2020-08-01.csv [cohortextractor.cohortextractor] 
2021-04-14T14:10:43.853413500Z 2021-04-14 14:10:43 [info     ] Created measure output at output/measures/measure_OC_Y22b4_practice_2020-08-01.csv [cohortextractor.cohortextractor] 
2021-04-14T14:10:43.965747200Z 2021-04-14 14:10:43 [info     ] Created measure output at output/measures/measure_gpc_practice_2020-02-01.csv [cohortextractor.cohortextractor] 
2021-04-14T14:10:44.135875400Z 2021-04-14 14:10:44 [info     ] Created measure output at output/measures/measure_snomed_OCall_practice_2020-02-01.csv [cohortextractor.cohortextractor] 
2021-04-14T14:10:44.274393200Z 2021-04-14 14:10:44 [info     ] Created measure output at output/measures/measure_snomed_1068881000000101_practice_2020-02-01.csv [cohortextractor.cohortextractor] 
2021-04-14T14:10:44.308613200Z 2021-04-14 14:10:44 [info     ] Created measure output at output/measures/measure_snomed_978871000000104_practice_2020-02-01.csv [cohortextractor.cohortextractor] 
2021-04-14T14:10:44.356823800Z 2021-04-14 14:10:44 [info     ] Created measure output at output/measures/measure_snomed_325991000000105_practice_2020-02-01.csv [cohortextractor.cohortextractor] 
2021-04-14T14:10:44.416956200Z 2021-04-14 14:10:44 [info     ] Created measure output at output/measures/measure_snomed_325911000000101_practice_2020-02-01.csv [cohortextractor.cohortextractor] 
2021-04-14T14:10:44.541527000Z 2021-04-14 14:10:44 [info     ] Created measure output at output/measures/measure_OC_OC10_practice_2020-02-01.csv [cohortextractor.cohortextractor] 
2021-04-14T14:10:44.764506900Z 2021-04-14 14:10:44 [info     ] Created measure output at output/measures/measure_OC_Y1f3b_practice_2020-02-01.csv [cohortextractor.cohortextractor] 
2021-04-14T14:10:44.882611800Z 2021-04-14 14:10:44 [info     ] Created measure output at output/measures/measure_OC_XaXcK_practice_2020-02-01.csv [cohortextractor.cohortextractor] 
2021-04-14T14:10:44.916342400Z 2021-04-14 14:10:44 [info     ] Created measure output at output/measures/measure_OC_computerlink_practice_2020-02-01.csv [cohortextractor.cohortextractor] 
2021-04-14T14:10:44.947415700Z 2021-04-14 14:10:44 [info     ] Created measure output at output/measures/measure_OC_alertreceived_practice_2020-02-01.csv [cohortextractor.cohortextractor] 
2021-04-14T14:10:45.000239000Z 2021-04-14 14:10:44 [info     ] Created measure output at output/measures/measure_OC_Y22b4_practice_2020-02-01.csv [cohortextractor.cohortextractor] 
2021-04-14T14:10:45.112410000Z 2021-04-14 14:10:45 [info     ] Created measure output at output/measures/measure_gpc_practice_2019-09-01.csv [cohortextractor.cohortextractor] 
2021-04-14T14:10:45.152210300Z 2021-04-14 14:10:45 [info     ] Created measure output at output/measures/measure_snomed_OCall_practice_2019-09-01.csv [cohortextractor.cohortextractor] 
2021-04-14T14:10:45.186020200Z 2021-04-14 14:10:45 [info     ] Created measure output at output/measures/measure_snomed_1068881000000101_practice_2019-09-01.csv [cohortextractor.cohortextractor] 
2021-04-14T14:10:45.206816100Z 2021-04-14 14:10:45 [info     ] Created measure output at output/measures/measure_snomed_978871000000104_practice_2019-09-01.csv [cohortextractor.cohortextractor] 
2021-04-14T14:10:45.222736800Z 2021-04-14 14:10:45 [info     ] Created measure output at output/measures/measure_snomed_325991000000105_practice_2019-09-01.csv [cohortextractor.cohortextractor] 
2021-04-14T14:10:45.247147900Z 2021-04-14 14:10:45 [info     ] Created measure output at output/measures/measure_snomed_325911000000101_practice_2019-09-01.csv [cohortextractor.cohortextractor] 
2021-04-14T14:10:45.271711300Z 2021-04-14 14:10:45 [info     ] Created measure output at output/measures/measure_OC_OC10_practice_2019-09-01.csv [cohortextractor.cohortextractor] 
2021-04-14T14:10:45.320176100Z 2021-04-14 14:10:45 [info     ] Created measure output at output/measures/measure_OC_Y1f3b_practice_2019-09-01.csv [cohortextractor.cohortextractor] 
2021-04-14T14:10:45.342120000Z 2021-04-14 14:10:45 [info     ] Created measure output at output/measures/measure_OC_XaXcK_practice_2019-09-01.csv [cohortextractor.cohortextractor] 
2021-04-14T14:10:45.375723000Z 2021-04-14 14:10:45 [info     ] Created measure output at output/measures/measure_OC_computerlink_practice_2019-09-01.csv [cohortextractor.cohortextractor] 
2021-04-14T14:10:45.402262200Z 2021-04-14 14:10:45 [info     ] Created measure output at output/measures/measure_OC_alertreceived_practice_2019-09-01.csv [cohortextractor.cohortextractor] 
2021-04-14T14:10:45.477803300Z 2021-04-14 14:10:45 [info     ] Created measure output at output/measures/measure_OC_Y22b4_practice_2019-09-01.csv [cohortextractor.cohortextractor] 
2021-04-14T14:10:45.548346200Z 2021-04-14 14:10:45 [info     ] Created measure output at output/measures/measure_gpc_practice_2020-10-01.csv [cohortextractor.cohortextractor] 
2021-04-14T14:10:45.588231100Z 2021-04-14 14:10:45 [info     ] Created measure output at output/measures/measure_snomed_OCall_practice_2020-10-01.csv [cohortextractor.cohortextractor] 
2021-04-14T14:10:45.620988700Z 2021-04-14 14:10:45 [info     ] Created measure output at output/measures/measure_snomed_1068881000000101_practice_2020-10-01.csv [cohortextractor.cohortextractor] 
2021-04-14T14:10:45.640871000Z 2021-04-14 14:10:45 [info     ] Created measure output at output/measures/measure_snomed_978871000000104_practice_2020-10-01.csv [cohortextractor.cohortextractor] 
2021-04-14T14:10:45.662768900Z 2021-04-14 14:10:45 [info     ] Created measure output at output/measures/measure_snomed_325991000000105_practice_2020-10-01.csv [cohortextractor.cohortextractor] 
2021-04-14T14:10:45.713017000Z 2021-04-14 14:10:45 [info     ] Created measure output at output/measures/measure_snomed_325911000000101_practice_2020-10-01.csv [cohortextractor.cohortextractor] 
2021-04-14T14:10:45.737583100Z 2021-04-14 14:10:45 [info     ] Created measure output at output/measures/measure_OC_OC10_practice_2020-10-01.csv [cohortextractor.cohortextractor] 
2021-04-14T14:10:45.754398800Z 2021-04-14 14:10:45 [info     ] Created measure output at output/measures/measure_OC_Y1f3b_practice_2020-10-01.csv [cohortextractor.cohortextractor] 
2021-04-14T14:10:45.771049800Z 2021-04-14 14:10:45 [info     ] Created measure output at output/measures/measure_OC_XaXcK_practice_2020-10-01.csv [cohortextractor.cohortextractor] 
2021-04-14T14:10:45.815014400Z 2021-04-14 14:10:45 [info     ] Created measure output at output/measures/measure_OC_computerlink_practice_2020-10-01.csv [cohortextractor.cohortextractor] 
2021-04-14T14:10:45.870627700Z 2021-04-14 14:10:45 [info     ] Created measure output at output/measures/measure_OC_alertreceived_practice_2020-10-01.csv [cohortextractor.cohortextractor] 
2021-04-14T14:10:45.896992400Z 2021-04-14 14:10:45 [info     ] Created measure output at output/measures/measure_OC_Y22b4_practice_2020-10-01.csv [cohortextractor.cohortextractor] 
2021-04-14T14:10:46.027620300Z 2021-04-14 14:10:46 [info     ] Created measure output at output/measures/measure_gpc_practice_2020-03-01.csv [cohortextractor.cohortextractor] 
2021-04-14T14:10:46.077554500Z 2021-04-14 14:10:46 [info     ] Created measure output at output/measures/measure_snomed_OCall_practice_2020-03-01.csv [cohortextractor.cohortextractor] 
2021-04-14T14:10:46.119473100Z 2021-04-14 14:10:46 [info     ] Created measure output at output/measures/measure_snomed_1068881000000101_practice_2020-03-01.csv [cohortextractor.cohortextractor] 
2021-04-14T14:10:46.139572300Z 2021-04-14 14:10:46 [info     ] Created measure output at output/measures/measure_snomed_978871000000104_practice_2020-03-01.csv [cohortextractor.cohortextractor] 
2021-04-14T14:10:46.174732900Z 2021-04-14 14:10:46 [info     ] Created measure output at output/measures/measure_snomed_325991000000105_practice_2020-03-01.csv [cohortextractor.cohortextractor] 
2021-04-14T14:10:46.242593100Z 2021-04-14 14:10:46 [info     ] Created measure output at output/measures/measure_snomed_325911000000101_practice_2020-03-01.csv [cohortextractor.cohortextractor] 
2021-04-14T14:10:46.304679600Z 2021-04-14 14:10:46 [info     ] Created measure output at output/measures/measure_OC_OC10_practice_2020-03-01.csv [cohortextractor.cohortextractor] 
2021-04-14T14:10:46.336617700Z 2021-04-14 14:10:46 [info     ] Created measure output at output/measures/measure_OC_Y1f3b_practice_2020-03-01.csv [cohortextractor.cohortextractor] 
2021-04-14T14:10:46.355718100Z 2021-04-14 14:10:46 [info     ] Created measure output at output/measures/measure_OC_XaXcK_practice_2020-03-01.csv [cohortextractor.cohortextractor] 
2021-04-14T14:10:46.466156700Z 2021-04-14 14:10:46 [info     ] Created measure output at output/measures/measure_OC_computerlink_practice_2020-03-01.csv [cohortextractor.cohortextractor] 
2021-04-14T14:10:46.502459600Z 2021-04-14 14:10:46 [info     ] Created measure output at output/measures/measure_OC_alertreceived_practice_2020-03-01.csv [cohortextractor.cohortextractor] 
2021-04-14T14:10:46.547111800Z 2021-04-14 14:10:46 [info     ] Created measure output at output/measures/measure_OC_Y22b4_practice_2020-03-01.csv [cohortextractor.cohortextractor] 
2021-04-14T14:10:46.598691400Z 2021-04-14 14:10:46 [info     ] Created measure output at output/measures/measure_gpc_practice_2019-03-01.csv [cohortextractor.cohortextractor] 
2021-04-14T14:10:46.613861700Z 2021-04-14 14:10:46 [info     ] Created measure output at output/measures/measure_snomed_OCall_practice_2019-03-01.csv [cohortextractor.cohortextractor] 
2021-04-14T14:10:46.647232000Z 2021-04-14 14:10:46 [info     ] Created measure output at output/measures/measure_snomed_1068881000000101_practice_2019-03-01.csv [cohortextractor.cohortextractor] 
2021-04-14T14:10:46.688184100Z 2021-04-14 14:10:46 [info     ] Created measure output at output/measures/measure_snomed_978871000000104_practice_2019-03-01.csv [cohortextractor.cohortextractor] 
2021-04-14T14:10:46.708979300Z 2021-04-14 14:10:46 [info     ] Created measure output at output/measures/measure_snomed_325991000000105_practice_2019-03-01.csv [cohortextractor.cohortextractor] 
2021-04-14T14:10:46.728613000Z 2021-04-14 14:10:46 [info     ] Created measure output at output/measures/measure_snomed_325911000000101_practice_2019-03-01.csv [cohortextractor.cohortextractor] 
2021-04-14T14:10:46.770017500Z 2021-04-14 14:10:46 [info     ] Created measure output at output/measures/measure_OC_OC10_practice_2019-03-01.csv [cohortextractor.cohortextractor] 
2021-04-14T14:10:46.795657800Z 2021-04-14 14:10:46 [info     ] Created measure output at output/measures/measure_OC_Y1f3b_practice_2019-03-01.csv [cohortextractor.cohortextractor] 
2021-04-14T14:10:46.830552200Z 2021-04-14 14:10:46 [info     ] Created measure output at output/measures/measure_OC_XaXcK_practice_2019-03-01.csv [cohortextractor.cohortextractor] 
2021-04-14T14:10:46.853340400Z 2021-04-14 14:10:46 [info     ] Created measure output at output/measures/measure_OC_computerlink_practice_2019-03-01.csv [cohortextractor.cohortextractor] 
2021-04-14T14:10:46.875082800Z 2021-04-14 14:10:46 [info     ] Created measure output at output/measures/measure_OC_alertreceived_practice_2019-03-01.csv [cohortextractor.cohortextractor] 
2021-04-14T14:10:46.900013800Z 2021-04-14 14:10:46 [info     ] Created measure output at output/measures/measure_OC_Y22b4_practice_2019-03-01.csv [cohortextractor.cohortextractor] 
2021-04-14T14:10:46.934604400Z 2021-04-14 14:10:46 [info     ] Created measure output at output/measures/measure_gpc_practice_2020-05-01.csv [cohortextractor.cohortextractor] 
2021-04-14T14:10:46.975858100Z 2021-04-14 14:10:46 [info     ] Created measure output at output/measures/measure_snomed_OCall_practice_2020-05-01.csv [cohortextractor.cohortextractor] 
2021-04-14T14:10:46.998264200Z 2021-04-14 14:10:46 [info     ] Created measure output at output/measures/measure_snomed_1068881000000101_practice_2020-05-01.csv [cohortextractor.cohortextractor] 
2021-04-14T14:10:47.022608900Z 2021-04-14 14:10:47 [info     ] Created measure output at output/measures/measure_snomed_978871000000104_practice_2020-05-01.csv [cohortextractor.cohortextractor] 
2021-04-14T14:10:47.085456800Z 2021-04-14 14:10:47 [info     ] Created measure output at output/measures/measure_snomed_325991000000105_practice_2020-05-01.csv [cohortextractor.cohortextractor] 
2021-04-14T14:10:47.114453400Z 2021-04-14 14:10:47 [info     ] Created measure output at output/measures/measure_snomed_325911000000101_practice_2020-05-01.csv [cohortextractor.cohortextractor] 
2021-04-14T14:10:47.142420900Z 2021-04-14 14:10:47 [info     ] Created measure output at output/measures/measure_OC_OC10_practice_2020-05-01.csv [cohortextractor.cohortextractor] 
2021-04-14T14:10:47.171438700Z 2021-04-14 14:10:47 [info     ] Created measure output at output/measures/measure_OC_Y1f3b_practice_2020-05-01.csv [cohortextractor.cohortextractor] 
2021-04-14T14:10:47.188564900Z 2021-04-14 14:10:47 [info     ] Created measure output at output/measures/measure_OC_XaXcK_practice_2020-05-01.csv [cohortextractor.cohortextractor] 
2021-04-14T14:10:47.211416800Z 2021-04-14 14:10:47 [info     ] Created measure output at output/measures/measure_OC_computerlink_practice_2020-05-01.csv [cohortextractor.cohortextractor] 
2021-04-14T14:10:47.244915500Z 2021-04-14 14:10:47 [info     ] Created measure output at output/measures/measure_OC_alertreceived_practice_2020-05-01.csv [cohortextractor.cohortextractor] 
2021-04-14T14:10:47.272595400Z 2021-04-14 14:10:47 [info     ] Created measure output at output/measures/measure_OC_Y22b4_practice_2020-05-01.csv [cohortextractor.cohortextractor] 
2021-04-14T14:10:47.311704700Z 2021-04-14 14:10:47 [info     ] Created measure output at output/measures/measure_gpc_practice_2019-06-01.csv [cohortextractor.cohortextractor] 
2021-04-14T14:10:47.340193400Z 2021-04-14 14:10:47 [info     ] Created measure output at output/measures/measure_snomed_OCall_practice_2019-06-01.csv [cohortextractor.cohortextractor] 
2021-04-14T14:10:47.360686000Z 2021-04-14 14:10:47 [info     ] Created measure output at output/measures/measure_snomed_1068881000000101_practice_2019-06-01.csv [cohortextractor.cohortextractor] 
2021-04-14T14:10:47.398558800Z 2021-04-14 14:10:47 [info     ] Created measure output at output/measures/measure_snomed_978871000000104_practice_2019-06-01.csv [cohortextractor.cohortextractor] 
2021-04-14T14:10:47.422246700Z 2021-04-14 14:10:47 [info     ] Created measure output at output/measures/measure_snomed_325991000000105_practice_2019-06-01.csv [cohortextractor.cohortextractor] 
2021-04-14T14:10:47.441038000Z 2021-04-14 14:10:47 [info     ] Created measure output at output/measures/measure_snomed_325911000000101_practice_2019-06-01.csv [cohortextractor.cohortextractor] 
2021-04-14T14:10:47.452355300Z 2021-04-14 14:10:47 [info     ] Created measure output at output/measures/measure_OC_OC10_practice_2019-06-01.csv [cohortextractor.cohortextractor] 
2021-04-14T14:10:47.466371000Z 2021-04-14 14:10:47 [info     ] Created measure output at output/measures/measure_OC_Y1f3b_practice_2019-06-01.csv [cohortextractor.cohortextractor] 
2021-04-14T14:10:47.501600100Z 2021-04-14 14:10:47 [info     ] Created measure output at output/measures/measure_OC_XaXcK_practice_2019-06-01.csv [cohortextractor.cohortextractor] 
2021-04-14T14:10:47.512658900Z 2021-04-14 14:10:47 [info     ] Created measure output at output/measures/measure_OC_computerlink_practice_2019-06-01.csv [cohortextractor.cohortextractor] 
2021-04-14T14:10:47.529255900Z 2021-04-14 14:10:47 [info     ] Created measure output at output/measures/measure_OC_alertreceived_practice_2019-06-01.csv [cohortextractor.cohortextractor] 
2021-04-14T14:10:47.542378300Z 2021-04-14 14:10:47 [info     ] Created measure output at output/measures/measure_OC_Y22b4_practice_2019-06-01.csv [cohortextractor.cohortextractor] 
2021-04-14T14:10:47.563331700Z 2021-04-14 14:10:47 [info     ] Created measure output at output/measures/measure_gpc_practice_2019-10-01.csv [cohortextractor.cohortextractor] 
2021-04-14T14:10:47.578539000Z 2021-04-14 14:10:47 [info     ] Created measure output at output/measures/measure_snomed_OCall_practice_2019-10-01.csv [cohortextractor.cohortextractor] 
2021-04-14T14:10:47.589630200Z 2021-04-14 14:10:47 [info     ] Created measure output at output/measures/measure_snomed_1068881000000101_practice_2019-10-01.csv [cohortextractor.cohortextractor] 
2021-04-14T14:10:47.602595600Z 2021-04-14 14:10:47 [info     ] Created measure output at output/measures/measure_snomed_978871000000104_practice_2019-10-01.csv [cohortextractor.cohortextractor] 
2021-04-14T14:10:47.616465000Z 2021-04-14 14:10:47 [info     ] Created measure output at output/measures/measure_snomed_325991000000105_practice_2019-10-01.csv [cohortextractor.cohortextractor] 
2021-04-14T14:10:47.628086000Z 2021-04-14 14:10:47 [info     ] Created measure output at output/measures/measure_snomed_325911000000101_practice_2019-10-01.csv [cohortextractor.cohortextractor] 
2021-04-14T14:10:47.657239100Z 2021-04-14 14:10:47 [info     ] Created measure output at output/measures/measure_OC_OC10_practice_2019-10-01.csv [cohortextractor.cohortextractor] 
2021-04-14T14:10:47.709031400Z 2021-04-14 14:10:47 [info     ] Created measure output at output/measures/measure_OC_Y1f3b_practice_2019-10-01.csv [cohortextractor.cohortextractor] 
2021-04-14T14:10:47.747638800Z 2021-04-14 14:10:47 [info     ] Created measure output at output/measures/measure_OC_XaXcK_practice_2019-10-01.csv [cohortextractor.cohortextractor] 
2021-04-14T14:10:47.790220400Z 2021-04-14 14:10:47 [info     ] Created measure output at output/measures/measure_OC_computerlink_practice_2019-10-01.csv [cohortextractor.cohortextractor] 
2021-04-14T14:10:47.838851900Z 2021-04-14 14:10:47 [info     ] Created measure output at output/measures/measure_OC_alertreceived_practice_2019-10-01.csv [cohortextractor.cohortextractor] 
2021-04-14T14:10:47.865254500Z 2021-04-14 14:10:47 [info     ] Created measure output at output/measures/measure_OC_Y22b4_practice_2019-10-01.csv [cohortextractor.cohortextractor] 
2021-04-14T14:10:47.912947200Z 2021-04-14 14:10:47 [info     ] Created measure output at output/measures/measure_gpc_practice_2019-08-01.csv [cohortextractor.cohortextractor] 
2021-04-14T14:10:47.932045500Z 2021-04-14 14:10:47 [info     ] Created measure output at output/measures/measure_snomed_OCall_practice_2019-08-01.csv [cohortextractor.cohortextractor] 
2021-04-14T14:10:47.954889800Z 2021-04-14 14:10:47 [info     ] Created measure output at output/measures/measure_snomed_1068881000000101_practice_2019-08-01.csv [cohortextractor.cohortextractor] 
2021-04-14T14:10:47.977265400Z 2021-04-14 14:10:47 [info     ] Created measure output at output/measures/measure_snomed_978871000000104_practice_2019-08-01.csv [cohortextractor.cohortextractor] 
2021-04-14T14:10:48.000526000Z 2021-04-14 14:10:47 [info     ] Created measure output at output/measures/measure_snomed_325991000000105_practice_2019-08-01.csv [cohortextractor.cohortextractor] 
2021-04-14T14:10:48.018832400Z 2021-04-14 14:10:48 [info     ] Created measure output at output/measures/measure_snomed_325911000000101_practice_2019-08-01.csv [cohortextractor.cohortextractor] 
2021-04-14T14:10:48.033715700Z 2021-04-14 14:10:48 [info     ] Created measure output at output/measures/measure_OC_OC10_practice_2019-08-01.csv [cohortextractor.cohortextractor] 
2021-04-14T14:10:48.045688700Z 2021-04-14 14:10:48 [info     ] Created measure output at output/measures/measure_OC_Y1f3b_practice_2019-08-01.csv [cohortextractor.cohortextractor] 
2021-04-14T14:10:48.060752400Z 2021-04-14 14:10:48 [info     ] Created measure output at output/measures/measure_OC_XaXcK_practice_2019-08-01.csv [cohortextractor.cohortextractor] 
2021-04-14T14:10:48.068702100Z 2021-04-14 14:10:48 [info     ] Created measure output at output/measures/measure_OC_computerlink_practice_2019-08-01.csv [cohortextractor.cohortextractor] 
2021-04-14T14:10:48.085683600Z 2021-04-14 14:10:48 [info     ] Created measure output at output/measures/measure_OC_alertreceived_practice_2019-08-01.csv [cohortextractor.cohortextractor] 
2021-04-14T14:10:48.097094100Z 2021-04-14 14:10:48 [info     ] Created measure output at output/measures/measure_OC_Y22b4_practice_2019-08-01.csv [cohortextractor.cohortextractor] 
2021-04-14T14:10:48.117974900Z 2021-04-14 14:10:48 [info     ] Created measure output at output/measures/measure_gpc_practice_2020-09-01.csv [cohortextractor.cohortextractor] 
2021-04-14T14:10:48.141561300Z 2021-04-14 14:10:48 [info     ] Created measure output at output/measures/measure_snomed_OCall_practice_2020-09-01.csv [cohortextractor.cohortextractor] 
2021-04-14T14:10:48.157465100Z 2021-04-14 14:10:48 [info     ] Created measure output at output/measures/measure_snomed_1068881000000101_practice_2020-09-01.csv [cohortextractor.cohortextractor] 
2021-04-14T14:10:48.168746100Z 2021-04-14 14:10:48 [info     ] Created measure output at output/measures/measure_snomed_978871000000104_practice_2020-09-01.csv [cohortextractor.cohortextractor] 
2021-04-14T14:10:48.181113100Z 2021-04-14 14:10:48 [info     ] Created measure output at output/measures/measure_snomed_325991000000105_practice_2020-09-01.csv [cohortextractor.cohortextractor] 
2021-04-14T14:10:48.195714500Z 2021-04-14 14:10:48 [info     ] Created measure output at output/measures/measure_snomed_325911000000101_practice_2020-09-01.csv [cohortextractor.cohortextractor] 
2021-04-14T14:10:48.206808400Z 2021-04-14 14:10:48 [info     ] Created measure output at output/measures/measure_OC_OC10_practice_2020-09-01.csv [cohortextractor.cohortextractor] 
2021-04-14T14:10:48.219360000Z 2021-04-14 14:10:48 [info     ] Created measure output at output/measures/measure_OC_Y1f3b_practice_2020-09-01.csv [cohortextractor.cohortextractor] 
2021-04-14T14:10:48.244677600Z 2021-04-14 14:10:48 [info     ] Created measure output at output/measures/measure_OC_XaXcK_practice_2020-09-01.csv [cohortextractor.cohortextractor] 
2021-04-14T14:10:48.257478400Z 2021-04-14 14:10:48 [info     ] Created measure output at output/measures/measure_OC_computerlink_practice_2020-09-01.csv [cohortextractor.cohortextractor] 
2021-04-14T14:10:48.270106300Z 2021-04-14 14:10:48 [info     ] Created measure output at output/measures/measure_OC_alertreceived_practice_2020-09-01.csv [cohortextractor.cohortextractor] 
2021-04-14T14:10:48.293471100Z 2021-04-14 14:10:48 [info     ] Created measure output at output/measures/measure_OC_Y22b4_practice_2020-09-01.csv [cohortextractor.cohortextractor] 
2021-04-14T14:10:48.318752300Z 2021-04-14 14:10:48 [info     ] Created measure output at output/measures/measure_gpc_practice_2019-07-01.csv [cohortextractor.cohortextractor] 
2021-04-14T14:10:48.355516100Z 2021-04-14 14:10:48 [info     ] Created measure output at output/measures/measure_snomed_OCall_practice_2019-07-01.csv [cohortextractor.cohortextractor] 
2021-04-14T14:10:48.369403200Z 2021-04-14 14:10:48 [info     ] Created measure output at output/measures/measure_snomed_1068881000000101_practice_2019-07-01.csv [cohortextractor.cohortextractor] 
2021-04-14T14:10:48.385717600Z 2021-04-14 14:10:48 [info     ] Created measure output at output/measures/measure_snomed_978871000000104_practice_2019-07-01.csv [cohortextractor.cohortextractor] 
2021-04-14T14:10:48.404415900Z 2021-04-14 14:10:48 [info     ] Created measure output at output/measures/measure_snomed_325991000000105_practice_2019-07-01.csv [cohortextractor.cohortextractor] 
2021-04-14T14:10:48.424348400Z 2021-04-14 14:10:48 [info     ] Created measure output at output/measures/measure_snomed_325911000000101_practice_2019-07-01.csv [cohortextractor.cohortextractor] 
2021-04-14T14:10:48.458169000Z 2021-04-14 14:10:48 [info     ] Created measure output at output/measures/measure_OC_OC10_practice_2019-07-01.csv [cohortextractor.cohortextractor] 
2021-04-14T14:10:48.496572800Z 2021-04-14 14:10:48 [info     ] Created measure output at output/measures/measure_OC_Y1f3b_practice_2019-07-01.csv [cohortextractor.cohortextractor] 
2021-04-14T14:10:48.529914700Z 2021-04-14 14:10:48 [info     ] Created measure output at output/measures/measure_OC_XaXcK_practice_2019-07-01.csv [cohortextractor.cohortextractor] 
2021-04-14T14:10:48.549101900Z 2021-04-14 14:10:48 [info     ] Created measure output at output/measures/measure_OC_computerlink_practice_2019-07-01.csv [cohortextractor.cohortextractor] 
2021-04-14T14:10:48.564872100Z 2021-04-14 14:10:48 [info     ] Created measure output at output/measures/measure_OC_alertreceived_practice_2019-07-01.csv [cohortextractor.cohortextractor] 
2021-04-14T14:10:48.584040500Z 2021-04-14 14:10:48 [info     ] Created measure output at output/measures/measure_OC_Y22b4_practice_2019-07-01.csv [cohortextractor.cohortextractor] 
2021-04-14T14:10:48.616650000Z 2021-04-14 14:10:48 [info     ] Created measure output at output/measures/measure_gpc_practice_2019-12-01.csv [cohortextractor.cohortextractor] 
2021-04-14T14:10:48.659686800Z 2021-04-14 14:10:48 [info     ] Created measure output at output/measures/measure_snomed_OCall_practice_2019-12-01.csv [cohortextractor.cohortextractor] 
2021-04-14T14:10:48.685084100Z 2021-04-14 14:10:48 [info     ] Created measure output at output/measures/measure_snomed_1068881000000101_practice_2019-12-01.csv [cohortextractor.cohortextractor] 
2021-04-14T14:10:48.709979200Z 2021-04-14 14:10:48 [info     ] Created measure output at output/measures/measure_snomed_978871000000104_practice_2019-12-01.csv [cohortextractor.cohortextractor] 
2021-04-14T14:10:48.721258000Z 2021-04-14 14:10:48 [info     ] Created measure output at output/measures/measure_snomed_325991000000105_practice_2019-12-01.csv [cohortextractor.cohortextractor] 
2021-04-14T14:10:48.735056100Z 2021-04-14 14:10:48 [info     ] Created measure output at output/measures/measure_snomed_325911000000101_practice_2019-12-01.csv [cohortextractor.cohortextractor] 
2021-04-14T14:10:48.753821300Z 2021-04-14 14:10:48 [info     ] Created measure output at output/measures/measure_OC_OC10_practice_2019-12-01.csv [cohortextractor.cohortextractor] 
2021-04-14T14:10:48.787800900Z 2021-04-14 14:10:48 [info     ] Created measure output at output/measures/measure_OC_Y1f3b_practice_2019-12-01.csv [cohortextractor.cohortextractor] 
2021-04-14T14:10:48.793230200Z 2021-04-14 14:10:48 [info     ] Created measure output at output/measures/measure_OC_XaXcK_practice_2019-12-01.csv [cohortextractor.cohortextractor] 
2021-04-14T14:10:48.808558900Z 2021-04-14 14:10:48 [info     ] Created measure output at output/measures/measure_OC_computerlink_practice_2019-12-01.csv [cohortextractor.cohortextractor] 
2021-04-14T14:10:48.829815900Z 2021-04-14 14:10:48 [info     ] Created measure output at output/measures/measure_OC_alertreceived_practice_2019-12-01.csv [cohortextractor.cohortextractor] 
2021-04-14T14:10:48.848701700Z 2021-04-14 14:10:48 [info     ] Created measure output at output/measures/measure_OC_Y22b4_practice_2019-12-01.csv [cohortextractor.cohortextractor] 
2021-04-14T14:10:48.874924900Z 2021-04-14 14:10:48 [info     ] Created measure output at output/measures/measure_gpc_practice_2020-04-01.csv [cohortextractor.cohortextractor] 
2021-04-14T14:10:48.899106100Z 2021-04-14 14:10:48 [info     ] Created measure output at output/measures/measure_snomed_OCall_practice_2020-04-01.csv [cohortextractor.cohortextractor] 
2021-04-14T14:10:48.910628400Z 2021-04-14 14:10:48 [info     ] Created measure output at output/measures/measure_snomed_1068881000000101_practice_2020-04-01.csv [cohortextractor.cohortextractor] 
2021-04-14T14:10:48.924572900Z 2021-04-14 14:10:48 [info     ] Created measure output at output/measures/measure_snomed_978871000000104_practice_2020-04-01.csv [cohortextractor.cohortextractor] 
2021-04-14T14:10:48.935583600Z 2021-04-14 14:10:48 [info     ] Created measure output at output/measures/measure_snomed_325991000000105_practice_2020-04-01.csv [cohortextractor.cohortextractor] 
2021-04-14T14:10:48.947782600Z 2021-04-14 14:10:48 [info     ] Created measure output at output/measures/measure_snomed_325911000000101_practice_2020-04-01.csv [cohortextractor.cohortextractor] 
2021-04-14T14:10:48.957962600Z 2021-04-14 14:10:48 [info     ] Created measure output at output/measures/measure_OC_OC10_practice_2020-04-01.csv [cohortextractor.cohortextractor] 
2021-04-14T14:10:48.970623900Z 2021-04-14 14:10:48 [info     ] Created measure output at output/measures/measure_OC_Y1f3b_practice_2020-04-01.csv [cohortextractor.cohortextractor] 
2021-04-14T14:10:48.993176700Z 2021-04-14 14:10:48 [info     ] Created measure output at output/measures/measure_OC_XaXcK_practice_2020-04-01.csv [cohortextractor.cohortextractor] 
2021-04-14T14:10:49.009438100Z 2021-04-14 14:10:49 [info     ] Created measure output at output/measures/measure_OC_computerlink_practice_2020-04-01.csv [cohortextractor.cohortextractor] 
2021-04-14T14:10:49.025407300Z 2021-04-14 14:10:49 [info     ] Created measure output at output/measures/measure_OC_alertreceived_practice_2020-04-01.csv [cohortextractor.cohortextractor] 
2021-04-14T14:10:49.048749800Z 2021-04-14 14:10:49 [info     ] Created measure output at output/measures/measure_OC_Y22b4_practice_2020-04-01.csv [cohortextractor.cohortextractor] 
2021-04-14T14:10:49.078549300Z 2021-04-14 14:10:49 [info     ] Created measure output at output/measures/measure_gpc_practice_2020-06-01.csv [cohortextractor.cohortextractor] 
2021-04-14T14:10:49.105731600Z 2021-04-14 14:10:49 [info     ] Created measure output at output/measures/measure_snomed_OCall_practice_2020-06-01.csv [cohortextractor.cohortextractor] 
2021-04-14T14:10:49.140779300Z 2021-04-14 14:10:49 [info     ] Created measure output at output/measures/measure_snomed_1068881000000101_practice_2020-06-01.csv [cohortextractor.cohortextractor] 
2021-04-14T14:10:49.142795900Z 2021-04-14 14:10:49 [info     ] Created measure output at output/measures/measure_snomed_978871000000104_practice_2020-06-01.csv [cohortextractor.cohortextractor] 
2021-04-14T14:10:49.154212600Z 2021-04-14 14:10:49 [info     ] Created measure output at output/measures/measure_snomed_325991000000105_practice_2020-06-01.csv [cohortextractor.cohortextractor] 
2021-04-14T14:10:49.174501600Z 2021-04-14 14:10:49 [info     ] Created measure output at output/measures/measure_snomed_325911000000101_practice_2020-06-01.csv [cohortextractor.cohortextractor] 
2021-04-14T14:10:49.188670400Z 2021-04-14 14:10:49 [info     ] Created measure output at output/measures/measure_OC_OC10_practice_2020-06-01.csv [cohortextractor.cohortextractor] 
2021-04-14T14:10:49.205753300Z 2021-04-14 14:10:49 [info     ] Created measure output at output/measures/measure_OC_Y1f3b_practice_2020-06-01.csv [cohortextractor.cohortextractor] 
2021-04-14T14:10:49.215973200Z 2021-04-14 14:10:49 [info     ] Created measure output at output/measures/measure_OC_XaXcK_practice_2020-06-01.csv [cohortextractor.cohortextractor] 
2021-04-14T14:10:49.236344300Z 2021-04-14 14:10:49 [info     ] Created measure output at output/measures/measure_OC_computerlink_practice_2020-06-01.csv [cohortextractor.cohortextractor] 
2021-04-14T14:10:49.254819800Z 2021-04-14 14:10:49 [info     ] Created measure output at output/measures/measure_OC_alertreceived_practice_2020-06-01.csv [cohortextractor.cohortextractor] 
2021-04-14T14:10:49.265277100Z 2021-04-14 14:10:49 [info     ] Created measure output at output/measures/measure_OC_Y22b4_practice_2020-06-01.csv [cohortextractor.cohortextractor] 
2021-04-14T14:10:49.291370000Z 2021-04-14 14:10:49 [info     ] Created measure output at output/measures/measure_gpc_practice_2019-01-01.csv [cohortextractor.cohortextractor] 
2021-04-14T14:10:49.305372300Z 2021-04-14 14:10:49 [info     ] Created measure output at output/measures/measure_snomed_OCall_practice_2019-01-01.csv [cohortextractor.cohortextractor] 
2021-04-14T14:10:49.325591700Z 2021-04-14 14:10:49 [info     ] Created measure output at output/measures/measure_snomed_1068881000000101_practice_2019-01-01.csv [cohortextractor.cohortextractor] 
2021-04-14T14:10:49.344376700Z 2021-04-14 14:10:49 [info     ] Created measure output at output/measures/measure_snomed_978871000000104_practice_2019-01-01.csv [cohortextractor.cohortextractor] 
2021-04-14T14:10:49.361463200Z 2021-04-14 14:10:49 [info     ] Created measure output at output/measures/measure_snomed_325991000000105_practice_2019-01-01.csv [cohortextractor.cohortextractor] 
2021-04-14T14:10:49.374623700Z 2021-04-14 14:10:49 [info     ] Created measure output at output/measures/measure_snomed_325911000000101_practice_2019-01-01.csv [cohortextractor.cohortextractor] 
2021-04-14T14:10:49.391410300Z 2021-04-14 14:10:49 [info     ] Created measure output at output/measures/measure_OC_OC10_practice_2019-01-01.csv [cohortextractor.cohortextractor] 
2021-04-14T14:10:49.406991200Z 2021-04-14 14:10:49 [info     ] Created measure output at output/measures/measure_OC_Y1f3b_practice_2019-01-01.csv [cohortextractor.cohortextractor] 
2021-04-14T14:10:49.420367500Z 2021-04-14 14:10:49 [info     ] Created measure output at output/measures/measure_OC_XaXcK_practice_2019-01-01.csv [cohortextractor.cohortextractor] 
2021-04-14T14:10:49.459181500Z 2021-04-14 14:10:49 [info     ] Created measure output at output/measures/measure_OC_computerlink_practice_2019-01-01.csv [cohortextractor.cohortextractor] 
2021-04-14T14:10:49.475969000Z 2021-04-14 14:10:49 [info     ] Created measure output at output/measures/measure_OC_alertreceived_practice_2019-01-01.csv [cohortextractor.cohortextractor] 
2021-04-14T14:10:49.490368700Z 2021-04-14 14:10:49 [info     ] Created measure output at output/measures/measure_OC_Y22b4_practice_2019-01-01.csv [cohortextractor.cohortextractor] 
2021-04-14T14:10:49.514993300Z 2021-04-14 14:10:49 [info     ] Created measure output at output/measures/measure_gpc_practice_2020-11-01.csv [cohortextractor.cohortextractor] 
2021-04-14T14:10:49.527852900Z 2021-04-14 14:10:49 [info     ] Created measure output at output/measures/measure_snomed_OCall_practice_2020-11-01.csv [cohortextractor.cohortextractor] 
2021-04-14T14:10:49.541634400Z 2021-04-14 14:10:49 [info     ] Created measure output at output/measures/measure_snomed_1068881000000101_practice_2020-11-01.csv [cohortextractor.cohortextractor] 
2021-04-14T14:10:49.564969400Z 2021-04-14 14:10:49 [info     ] Created measure output at output/measures/measure_snomed_978871000000104_practice_2020-11-01.csv [cohortextractor.cohortextractor] 
2021-04-14T14:10:49.593804700Z 2021-04-14 14:10:49 [info     ] Created measure output at output/measures/measure_snomed_325991000000105_practice_2020-11-01.csv [cohortextractor.cohortextractor] 
2021-04-14T14:10:49.611531200Z 2021-04-14 14:10:49 [info     ] Created measure output at output/measures/measure_snomed_325911000000101_practice_2020-11-01.csv [cohortextractor.cohortextractor] 
2021-04-14T14:10:49.628940600Z 2021-04-14 14:10:49 [info     ] Created measure output at output/measures/measure_OC_OC10_practice_2020-11-01.csv [cohortextractor.cohortextractor] 
2021-04-14T14:10:49.644116200Z 2021-04-14 14:10:49 [info     ] Created measure output at output/measures/measure_OC_Y1f3b_practice_2020-11-01.csv [cohortextractor.cohortextractor] 
2021-04-14T14:10:49.656692300Z 2021-04-14 14:10:49 [info     ] Created measure output at output/measures/measure_OC_XaXcK_practice_2020-11-01.csv [cohortextractor.cohortextractor] 
2021-04-14T14:10:49.669747000Z 2021-04-14 14:10:49 [info     ] Created measure output at output/measures/measure_OC_computerlink_practice_2020-11-01.csv [cohortextractor.cohortextractor] 
2021-04-14T14:10:49.682132500Z 2021-04-14 14:10:49 [info     ] Created measure output at output/measures/measure_OC_alertreceived_practice_2020-11-01.csv [cohortextractor.cohortextractor] 
2021-04-14T14:10:49.697004200Z 2021-04-14 14:10:49 [info     ] Created measure output at output/measures/measure_OC_Y22b4_practice_2020-11-01.csv [cohortextractor.cohortextractor] 
2021-04-14T14:10:49.728995300Z 2021-04-14 14:10:49 [info     ] Created measure output at output/measures/measure_gpc_practice_2019-05-01.csv [cohortextractor.cohortextractor] 
2021-04-14T14:10:49.742332400Z 2021-04-14 14:10:49 [info     ] Created measure output at output/measures/measure_snomed_OCall_practice_2019-05-01.csv [cohortextractor.cohortextractor] 
2021-04-14T14:10:49.761346500Z 2021-04-14 14:10:49 [info     ] Created measure output at output/measures/measure_snomed_1068881000000101_practice_2019-05-01.csv [cohortextractor.cohortextractor] 
2021-04-14T14:10:49.776162000Z 2021-04-14 14:10:49 [info     ] Created measure output at output/measures/measure_snomed_978871000000104_practice_2019-05-01.csv [cohortextractor.cohortextractor] 
2021-04-14T14:10:49.795314700Z 2021-04-14 14:10:49 [info     ] Created measure output at output/measures/measure_snomed_325991000000105_practice_2019-05-01.csv [cohortextractor.cohortextractor] 
2021-04-14T14:10:49.830558500Z 2021-04-14 14:10:49 [info     ] Created measure output at output/measures/measure_snomed_325911000000101_practice_2019-05-01.csv [cohortextractor.cohortextractor] 
2021-04-14T14:10:49.851294500Z 2021-04-14 14:10:49 [info     ] Created measure output at output/measures/measure_OC_OC10_practice_2019-05-01.csv [cohortextractor.cohortextractor] 
2021-04-14T14:10:49.868230100Z 2021-04-14 14:10:49 [info     ] Created measure output at output/measures/measure_OC_Y1f3b_practice_2019-05-01.csv [cohortextractor.cohortextractor] 
2021-04-14T14:10:49.889554400Z 2021-04-14 14:10:49 [info     ] Created measure output at output/measures/measure_OC_XaXcK_practice_2019-05-01.csv [cohortextractor.cohortextractor] 
2021-04-14T14:10:49.913708900Z 2021-04-14 14:10:49 [info     ] Created measure output at output/measures/measure_OC_computerlink_practice_2019-05-01.csv [cohortextractor.cohortextractor] 
2021-04-14T14:10:49.934027700Z 2021-04-14 14:10:49 [info     ] Created measure output at output/measures/measure_OC_alertreceived_practice_2019-05-01.csv [cohortextractor.cohortextractor] 
2021-04-14T14:10:49.963325400Z 2021-04-14 14:10:49 [info     ] Created measure output at output/measures/measure_OC_Y22b4_practice_2019-05-01.csv [cohortextractor.cohortextractor] 
2021-04-14T14:10:50.007846300Z 2021-04-14 14:10:50 [info     ] Created measure output at output/measures/measure_gpc_practice_2019-11-01.csv [cohortextractor.cohortextractor] 
2021-04-14T14:10:50.025207600Z 2021-04-14 14:10:50 [info     ] Created measure output at output/measures/measure_snomed_OCall_practice_2019-11-01.csv [cohortextractor.cohortextractor] 
2021-04-14T14:10:50.044085900Z 2021-04-14 14:10:50 [info     ] Created measure output at output/measures/measure_snomed_1068881000000101_practice_2019-11-01.csv [cohortextractor.cohortextractor] 
2021-04-14T14:10:50.058753900Z 2021-04-14 14:10:50 [info     ] Created measure output at output/measures/measure_snomed_978871000000104_practice_2019-11-01.csv [cohortextractor.cohortextractor] 
2021-04-14T14:10:50.069086500Z 2021-04-14 14:10:50 [info     ] Created measure output at output/measures/measure_snomed_325991000000105_practice_2019-11-01.csv [cohortextractor.cohortextractor] 
2021-04-14T14:10:50.082377800Z 2021-04-14 14:10:50 [info     ] Created measure output at output/measures/measure_snomed_325911000000101_practice_2019-11-01.csv [cohortextractor.cohortextractor] 
2021-04-14T14:10:50.094512800Z 2021-04-14 14:10:50 [info     ] Created measure output at output/measures/measure_OC_OC10_practice_2019-11-01.csv [cohortextractor.cohortextractor] 
2021-04-14T14:10:50.113729700Z 2021-04-14 14:10:50 [info     ] Created measure output at output/measures/measure_OC_Y1f3b_practice_2019-11-01.csv [cohortextractor.cohortextractor] 
2021-04-14T14:10:50.135719400Z 2021-04-14 14:10:50 [info     ] Created measure output at output/measures/measure_OC_XaXcK_practice_2019-11-01.csv [cohortextractor.cohortextractor] 
2021-04-14T14:10:50.149127600Z 2021-04-14 14:10:50 [info     ] Created measure output at output/measures/measure_OC_computerlink_practice_2019-11-01.csv [cohortextractor.cohortextractor] 
2021-04-14T14:10:50.166710200Z 2021-04-14 14:10:50 [info     ] Created measure output at output/measures/measure_OC_alertreceived_practice_2019-11-01.csv [cohortextractor.cohortextractor] 
2021-04-14T14:10:50.183471300Z 2021-04-14 14:10:50 [info     ] Created measure output at output/measures/measure_OC_Y22b4_practice_2019-11-01.csv [cohortextractor.cohortextractor] 
2021-04-14T14:10:50.211040700Z 2021-04-14 14:10:50 [info     ] Created measure output at output/measures/measure_gpc_practice_2019-02-01.csv [cohortextractor.cohortextractor] 
2021-04-14T14:10:50.238590300Z 2021-04-14 14:10:50 [info     ] Created measure output at output/measures/measure_snomed_OCall_practice_2019-02-01.csv [cohortextractor.cohortextractor] 
2021-04-14T14:10:50.255354600Z 2021-04-14 14:10:50 [info     ] Created measure output at output/measures/measure_snomed_1068881000000101_practice_2019-02-01.csv [cohortextractor.cohortextractor] 
2021-04-14T14:10:50.271864000Z 2021-04-14 14:10:50 [info     ] Created measure output at output/measures/measure_snomed_978871000000104_practice_2019-02-01.csv [cohortextractor.cohortextractor] 
2021-04-14T14:10:50.282554300Z 2021-04-14 14:10:50 [info     ] Created measure output at output/measures/measure_snomed_325991000000105_practice_2019-02-01.csv [cohortextractor.cohortextractor] 
2021-04-14T14:10:50.295086000Z 2021-04-14 14:10:50 [info     ] Created measure output at output/measures/measure_snomed_325911000000101_practice_2019-02-01.csv [cohortextractor.cohortextractor] 
2021-04-14T14:10:50.309876300Z 2021-04-14 14:10:50 [info     ] Created measure output at output/measures/measure_OC_OC10_practice_2019-02-01.csv [cohortextractor.cohortextractor] 
2021-04-14T14:10:50.328323900Z 2021-04-14 14:10:50 [info     ] Created measure output at output/measures/measure_OC_Y1f3b_practice_2019-02-01.csv [cohortextractor.cohortextractor] 
2021-04-14T14:10:50.372663500Z 2021-04-14 14:10:50 [info     ] Created measure output at output/measures/measure_OC_XaXcK_practice_2019-02-01.csv [cohortextractor.cohortextractor] 
2021-04-14T14:10:50.389935900Z 2021-04-14 14:10:50 [info     ] Created measure output at output/measures/measure_OC_computerlink_practice_2019-02-01.csv [cohortextractor.cohortextractor] 
2021-04-14T14:10:50.402550400Z 2021-04-14 14:10:50 [info     ] Created measure output at output/measures/measure_OC_alertreceived_practice_2019-02-01.csv [cohortextractor.cohortextractor] 
2021-04-14T14:10:50.413986000Z 2021-04-14 14:10:50 [info     ] Created measure output at output/measures/measure_OC_Y22b4_practice_2019-02-01.csv [cohortextractor.cohortextractor] 
2021-04-14T14:10:50.439145500Z 2021-04-14 14:10:50 [info     ] Created measure output at output/measures/measure_gpc_practice_2020-01-01.csv [cohortextractor.cohortextractor] 
2021-04-14T14:10:50.450255800Z 2021-04-14 14:10:50 [info     ] Created measure output at output/measures/measure_snomed_OCall_practice_2020-01-01.csv [cohortextractor.cohortextractor] 
2021-04-14T14:10:50.462397100Z 2021-04-14 14:10:50 [info     ] Created measure output at output/measures/measure_snomed_1068881000000101_practice_2020-01-01.csv [cohortextractor.cohortextractor] 
2021-04-14T14:10:50.484710300Z 2021-04-14 14:10:50 [info     ] Created measure output at output/measures/measure_snomed_978871000000104_practice_2020-01-01.csv [cohortextractor.cohortextractor] 
2021-04-14T14:10:50.503803600Z 2021-04-14 14:10:50 [info     ] Created measure output at output/measures/measure_snomed_325991000000105_practice_2020-01-01.csv [cohortextractor.cohortextractor] 
2021-04-14T14:10:50.518639800Z 2021-04-14 14:10:50 [info     ] Created measure output at output/measures/measure_snomed_325911000000101_practice_2020-01-01.csv [cohortextractor.cohortextractor] 
2021-04-14T14:10:50.550251900Z 2021-04-14 14:10:50 [info     ] Created measure output at output/measures/measure_OC_OC10_practice_2020-01-01.csv [cohortextractor.cohortextractor] 
2021-04-14T14:10:50.568223500Z 2021-04-14 14:10:50 [info     ] Created measure output at output/measures/measure_OC_Y1f3b_practice_2020-01-01.csv [cohortextractor.cohortextractor] 
2021-04-14T14:10:50.595783500Z 2021-04-14 14:10:50 [info     ] Created measure output at output/measures/measure_OC_XaXcK_practice_2020-01-01.csv [cohortextractor.cohortextractor] 
2021-04-14T14:10:50.603808600Z 2021-04-14 14:10:50 [info     ] Created measure output at output/measures/measure_OC_computerlink_practice_2020-01-01.csv [cohortextractor.cohortextractor] 
2021-04-14T14:10:50.636341000Z 2021-04-14 14:10:50 [info     ] Created measure output at output/measures/measure_OC_alertreceived_practice_2020-01-01.csv [cohortextractor.cohortextractor] 
2021-04-14T14:10:50.651518300Z 2021-04-14 14:10:50 [info     ] Created measure output at output/measures/measure_OC_Y22b4_practice_2020-01-01.csv [cohortextractor.cohortextractor] 
2021-04-14T14:10:50.676928600Z 2021-04-14 14:10:50 [info     ] Created measure output at output/measures/measure_gpc_practice_2019-04-01.csv [cohortextractor.cohortextractor] 
2021-04-14T14:10:50.690072300Z 2021-04-14 14:10:50 [info     ] Created measure output at output/measures/measure_snomed_OCall_practice_2019-04-01.csv [cohortextractor.cohortextractor] 
2021-04-14T14:10:50.702693700Z 2021-04-14 14:10:50 [info     ] Created measure output at output/measures/measure_snomed_1068881000000101_practice_2019-04-01.csv [cohortextractor.cohortextractor] 
2021-04-14T14:10:50.711733000Z 2021-04-14 14:10:50 [info     ] Created measure output at output/measures/measure_snomed_978871000000104_practice_2019-04-01.csv [cohortextractor.cohortextractor] 
2021-04-14T14:10:50.731330500Z 2021-04-14 14:10:50 [info     ] Created measure output at output/measures/measure_snomed_325991000000105_practice_2019-04-01.csv [cohortextractor.cohortextractor] 
2021-04-14T14:10:50.752071200Z 2021-04-14 14:10:50 [info     ] Created measure output at output/measures/measure_snomed_325911000000101_practice_2019-04-01.csv [cohortextractor.cohortextractor] 
2021-04-14T14:10:50.772195900Z 2021-04-14 14:10:50 [info     ] Created measure output at output/measures/measure_OC_OC10_practice_2019-04-01.csv [cohortextractor.cohortextractor] 
2021-04-14T14:10:50.799082400Z 2021-04-14 14:10:50 [info     ] Created measure output at output/measures/measure_OC_Y1f3b_practice_2019-04-01.csv [cohortextractor.cohortextractor] 
2021-04-14T14:10:50.811005800Z 2021-04-14 14:10:50 [info     ] Created measure output at output/measures/measure_OC_XaXcK_practice_2019-04-01.csv [cohortextractor.cohortextractor] 
2021-04-14T14:10:50.829101900Z 2021-04-14 14:10:50 [info     ] Created measure output at output/measures/measure_OC_computerlink_practice_2019-04-01.csv [cohortextractor.cohortextractor] 
2021-04-14T14:10:50.857024400Z 2021-04-14 14:10:50 [info     ] Created measure output at output/measures/measure_OC_alertreceived_practice_2019-04-01.csv [cohortextractor.cohortextractor] 
2021-04-14T14:10:50.879976800Z 2021-04-14 14:10:50 [info     ] Created measure output at output/measures/measure_OC_Y22b4_practice_2019-04-01.csv [cohortextractor.cohortextractor] 
2021-04-14T14:10:50.908968700Z 2021-04-14 14:10:50 [info     ] Combined measure output for all dates in output/measures/measure_gpc_practice.csv [cohortextractor.cohortextractor] 
2021-04-14T14:10:50.936904900Z 2021-04-14 14:10:50 [info     ] Combined measure output for all dates in output/measures/measure_snomed_OCall_practice.csv [cohortextractor.cohortextractor] 
2021-04-14T14:10:50.956962200Z 2021-04-14 14:10:50 [info     ] Combined measure output for all dates in output/measures/measure_snomed_1068881000000101_practice.csv [cohortextractor.cohortextractor] 
2021-04-14T14:10:50.980493000Z 2021-04-14 14:10:50 [info     ] Combined measure output for all dates in output/measures/measure_snomed_978871000000104_practice.csv [cohortextractor.cohortextractor] 
2021-04-14T14:10:51.015462200Z 2021-04-14 14:10:51 [info     ] Combined measure output for all dates in output/measures/measure_snomed_325991000000105_practice.csv [cohortextractor.cohortextractor] 
2021-04-14T14:10:51.045107900Z 2021-04-14 14:10:51 [info     ] Combined measure output for all dates in output/measures/measure_snomed_325911000000101_practice.csv [cohortextractor.cohortextractor] 
2021-04-14T14:10:51.063908300Z 2021-04-14 14:10:51 [info     ] Combined measure output for all dates in output/measures/measure_OC_OC10_practice.csv [cohortextractor.cohortextractor] 
2021-04-14T14:10:51.081944200Z 2021-04-14 14:10:51 [info     ] Combined measure output for all dates in output/measures/measure_OC_Y1f3b_practice.csv [cohortextractor.cohortextractor] 
2021-04-14T14:10:51.098756400Z 2021-04-14 14:10:51 [info     ] Combined measure output for all dates in output/measures/measure_OC_XaXcK_practice.csv [cohortextractor.cohortextractor] 
2021-04-14T14:10:51.136202200Z 2021-04-14 14:10:51 [info     ] Combined measure output for all dates in output/measures/measure_OC_computerlink_practice.csv [cohortextractor.cohortextractor] 
2021-04-14T14:10:51.155021500Z 2021-04-14 14:10:51 [info     ] Combined measure output for all dates in output/measures/measure_OC_alertreceived_practice.csv [cohortextractor.cohortextractor] 
2021-04-14T14:10:51.171236600Z 2021-04-14 14:10:51 [info     ] Combined measure output for all dates in output/measures/measure_OC_Y22b4_practice.csv [cohortextractor.cohortextractor] 


state: succeeded
commit: none
docker_image_id: sha256:a8644f2122ebe4472dab45af2b99850f7511992d5557e29b9a654f2ea25bd82b
exit_code: 0
job_id: t2u3odaxgyvpvurq
run_by_user: None
created_at: 2021-04-14T14:08:04Z
started_at: 2021-04-14T14:10:35Z
completed_at: 2021-04-14T14:11:01Z

Completed successfully

outputs:
  output/measures/measure_OC_OC10_practice.csv                             - moderately_sensitive
  output/measures/measure_OC_OC10_practice_2019-01-01.csv                  - moderately_sensitive
  output/measures/measure_OC_OC10_practice_2019-02-01.csv                  - moderately_sensitive
  output/measures/measure_OC_OC10_practice_2019-03-01.csv                  - moderately_sensitive
  output/measures/measure_OC_OC10_practice_2019-04-01.csv                  - moderately_sensitive
  output/measures/measure_OC_OC10_practice_2019-05-01.csv                  - moderately_sensitive
  output/measures/measure_OC_OC10_practice_2019-06-01.csv                  - moderately_sensitive
  output/measures/measure_OC_OC10_practice_2019-07-01.csv                  - moderately_sensitive
  output/measures/measure_OC_OC10_practice_2019-08-01.csv                  - moderately_sensitive
  output/measures/measure_OC_OC10_practice_2019-09-01.csv                  - moderately_sensitive
  output/measures/measure_OC_OC10_practice_2019-10-01.csv                  - moderately_sensitive
  output/measures/measure_OC_OC10_practice_2019-11-01.csv                  - moderately_sensitive
  output/measures/measure_OC_OC10_practice_2019-12-01.csv                  - moderately_sensitive
  output/measures/measure_OC_OC10_practice_2020-01-01.csv                  - moderately_sensitive
  output/measures/measure_OC_OC10_practice_2020-02-01.csv                  - moderately_sensitive
  output/measures/measure_OC_OC10_practice_2020-03-01.csv                  - moderately_sensitive
  output/measures/measure_OC_OC10_practice_2020-04-01.csv                  - moderately_sensitive
  output/measures/measure_OC_OC10_practice_2020-05-01.csv                  - moderately_sensitive
  output/measures/measure_OC_OC10_practice_2020-06-01.csv                  - moderately_sensitive
  output/measures/measure_OC_OC10_practice_2020-07-01.csv                  - moderately_sensitive
  output/measures/measure_OC_OC10_practice_2020-08-01.csv                  - moderately_sensitive
  output/measures/measure_OC_OC10_practice_2020-09-01.csv                  - moderately_sensitive
  output/measures/measure_OC_OC10_practice_2020-10-01.csv                  - moderately_sensitive
  output/measures/measure_OC_OC10_practice_2020-11-01.csv                  - moderately_sensitive
  output/measures/measure_OC_OC10_practice_2020-12-01.csv                  - moderately_sensitive
  output/measures/measure_OC_XaXcK_practice.csv                            - moderately_sensitive
  output/measures/measure_OC_XaXcK_practice_2019-01-01.csv                 - moderately_sensitive
  output/measures/measure_OC_XaXcK_practice_2019-02-01.csv                 - moderately_sensitive
  output/measures/measure_OC_XaXcK_practice_2019-03-01.csv                 - moderately_sensitive
  output/measures/measure_OC_XaXcK_practice_2019-04-01.csv                 - moderately_sensitive
  output/measures/measure_OC_XaXcK_practice_2019-05-01.csv                 - moderately_sensitive
  output/measures/measure_OC_XaXcK_practice_2019-06-01.csv                 - moderately_sensitive
  output/measures/measure_OC_XaXcK_practice_2019-07-01.csv                 - moderately_sensitive
  output/measures/measure_OC_XaXcK_practice_2019-08-01.csv                 - moderately_sensitive
  output/measures/measure_OC_XaXcK_practice_2019-09-01.csv                 - moderately_sensitive
  output/measures/measure_OC_XaXcK_practice_2019-10-01.csv                 - moderately_sensitive
  output/measures/measure_OC_XaXcK_practice_2019-11-01.csv                 - moderately_sensitive
  output/measures/measure_OC_XaXcK_practice_2019-12-01.csv                 - moderately_sensitive
  output/measures/measure_OC_XaXcK_practice_2020-01-01.csv                 - moderately_sensitive
  output/measures/measure_OC_XaXcK_practice_2020-02-01.csv                 - moderately_sensitive
  output/measures/measure_OC_XaXcK_practice_2020-03-01.csv                 - moderately_sensitive
  output/measures/measure_OC_XaXcK_practice_2020-04-01.csv                 - moderately_sensitive
  output/measures/measure_OC_XaXcK_practice_2020-05-01.csv                 - moderately_sensitive
  output/measures/measure_OC_XaXcK_practice_2020-06-01.csv                 - moderately_sensitive
  output/measures/measure_OC_XaXcK_practice_2020-07-01.csv                 - moderately_sensitive
  output/measures/measure_OC_XaXcK_practice_2020-08-01.csv                 - moderately_sensitive
  output/measures/measure_OC_XaXcK_practice_2020-09-01.csv                 - moderately_sensitive
  output/measures/measure_OC_XaXcK_practice_2020-10-01.csv                 - moderately_sensitive
  output/measures/measure_OC_XaXcK_practice_2020-11-01.csv                 - moderately_sensitive
  output/measures/measure_OC_XaXcK_practice_2020-12-01.csv                 - moderately_sensitive
  output/measures/measure_OC_Y1f3b_practice.csv                            - moderately_sensitive
  output/measures/measure_OC_Y1f3b_practice_2019-01-01.csv                 - moderately_sensitive
  output/measures/measure_OC_Y1f3b_practice_2019-02-01.csv                 - moderately_sensitive
  output/measures/measure_OC_Y1f3b_practice_2019-03-01.csv                 - moderately_sensitive
  output/measures/measure_OC_Y1f3b_practice_2019-04-01.csv                 - moderately_sensitive
  output/measures/measure_OC_Y1f3b_practice_2019-05-01.csv                 - moderately_sensitive
  output/measures/measure_OC_Y1f3b_practice_2019-06-01.csv                 - moderately_sensitive
  output/measures/measure_OC_Y1f3b_practice_2019-07-01.csv                 - moderately_sensitive
  output/measures/measure_OC_Y1f3b_practice_2019-08-01.csv                 - moderately_sensitive
  output/measures/measure_OC_Y1f3b_practice_2019-09-01.csv                 - moderately_sensitive
  output/measures/measure_OC_Y1f3b_practice_2019-10-01.csv                 - moderately_sensitive
  output/measures/measure_OC_Y1f3b_practice_2019-11-01.csv                 - moderately_sensitive
  output/measures/measure_OC_Y1f3b_practice_2019-12-01.csv                 - moderately_sensitive
  output/measures/measure_OC_Y1f3b_practice_2020-01-01.csv                 - moderately_sensitive
  output/measures/measure_OC_Y1f3b_practice_2020-02-01.csv                 - moderately_sensitive
  output/measures/measure_OC_Y1f3b_practice_2020-03-01.csv                 - moderately_sensitive
  output/measures/measure_OC_Y1f3b_practice_2020-04-01.csv                 - moderately_sensitive
  output/measures/measure_OC_Y1f3b_practice_2020-05-01.csv                 - moderately_sensitive
  output/measures/measure_OC_Y1f3b_practice_2020-06-01.csv                 - moderately_sensitive
  output/measures/measure_OC_Y1f3b_practice_2020-07-01.csv                 - moderately_sensitive
  output/measures/measure_OC_Y1f3b_practice_2020-08-01.csv                 - moderately_sensitive
  output/measures/measure_OC_Y1f3b_practice_2020-09-01.csv                 - moderately_sensitive
  output/measures/measure_OC_Y1f3b_practice_2020-10-01.csv                 - moderately_sensitive
  output/measures/measure_OC_Y1f3b_practice_2020-11-01.csv                 - moderately_sensitive
  output/measures/measure_OC_Y1f3b_practice_2020-12-01.csv                 - moderately_sensitive
  output/measures/measure_OC_Y22b4_practice.csv                            - moderately_sensitive
  output/measures/measure_OC_Y22b4_practice_2019-01-01.csv                 - moderately_sensitive
  output/measures/measure_OC_Y22b4_practice_2019-02-01.csv                 - moderately_sensitive
  output/measures/measure_OC_Y22b4_practice_2019-03-01.csv                 - moderately_sensitive
  output/measures/measure_OC_Y22b4_practice_2019-04-01.csv                 - moderately_sensitive
  output/measures/measure_OC_Y22b4_practice_2019-05-01.csv                 - moderately_sensitive
  output/measures/measure_OC_Y22b4_practice_2019-06-01.csv                 - moderately_sensitive
  output/measures/measure_OC_Y22b4_practice_2019-07-01.csv                 - moderately_sensitive
  output/measures/measure_OC_Y22b4_practice_2019-08-01.csv                 - moderately_sensitive
  output/measures/measure_OC_Y22b4_practice_2019-09-01.csv                 - moderately_sensitive
  output/measures/measure_OC_Y22b4_practice_2019-10-01.csv                 - moderately_sensitive
  output/measures/measure_OC_Y22b4_practice_2019-11-01.csv                 - moderately_sensitive
  output/measures/measure_OC_Y22b4_practice_2019-12-01.csv                 - moderately_sensitive
  output/measures/measure_OC_Y22b4_practice_2020-01-01.csv                 - moderately_sensitive
  output/measures/measure_OC_Y22b4_practice_2020-02-01.csv                 - moderately_sensitive
  output/measures/measure_OC_Y22b4_practice_2020-03-01.csv                 - moderately_sensitive
  output/measures/measure_OC_Y22b4_practice_2020-04-01.csv                 - moderately_sensitive
  output/measures/measure_OC_Y22b4_practice_2020-05-01.csv                 - moderately_sensitive
  output/measures/measure_OC_Y22b4_practice_2020-06-01.csv                 - moderately_sensitive
  output/measures/measure_OC_Y22b4_practice_2020-07-01.csv                 - moderately_sensitive
  output/measures/measure_OC_Y22b4_practice_2020-08-01.csv                 - moderately_sensitive
  output/measures/measure_OC_Y22b4_practice_2020-09-01.csv                 - moderately_sensitive
  output/measures/measure_OC_Y22b4_practice_2020-10-01.csv                 - moderately_sensitive
  output/measures/measure_OC_Y22b4_practice_2020-11-01.csv                 - moderately_sensitive
  output/measures/measure_OC_Y22b4_practice_2020-12-01.csv                 - moderately_sensitive
  output/measures/measure_OC_alertreceived_practice.csv                    - moderately_sensitive
  output/measures/measure_OC_alertreceived_practice_2019-01-01.csv         - moderately_sensitive
  output/measures/measure_OC_alertreceived_practice_2019-02-01.csv         - moderately_sensitive
  output/measures/measure_OC_alertreceived_practice_2019-03-01.csv         - moderately_sensitive
  output/measures/measure_OC_alertreceived_practice_2019-04-01.csv         - moderately_sensitive
  output/measures/measure_OC_alertreceived_practice_2019-05-01.csv         - moderately_sensitive
  output/measures/measure_OC_alertreceived_practice_2019-06-01.csv         - moderately_sensitive
  output/measures/measure_OC_alertreceived_practice_2019-07-01.csv         - moderately_sensitive
  output/measures/measure_OC_alertreceived_practice_2019-08-01.csv         - moderately_sensitive
  output/measures/measure_OC_alertreceived_practice_2019-09-01.csv         - moderately_sensitive
  output/measures/measure_OC_alertreceived_practice_2019-10-01.csv         - moderately_sensitive
  output/measures/measure_OC_alertreceived_practice_2019-11-01.csv         - moderately_sensitive
  output/measures/measure_OC_alertreceived_practice_2019-12-01.csv         - moderately_sensitive
  output/measures/measure_OC_alertreceived_practice_2020-01-01.csv         - moderately_sensitive
  output/measures/measure_OC_alertreceived_practice_2020-02-01.csv         - moderately_sensitive
  output/measures/measure_OC_alertreceived_practice_2020-03-01.csv         - moderately_sensitive
  output/measures/measure_OC_alertreceived_practice_2020-04-01.csv         - moderately_sensitive
  output/measures/measure_OC_alertreceived_practice_2020-05-01.csv         - moderately_sensitive
  output/measures/measure_OC_alertreceived_practice_2020-06-01.csv         - moderately_sensitive
  output/measures/measure_OC_alertreceived_practice_2020-07-01.csv         - moderately_sensitive
  output/measures/measure_OC_alertreceived_practice_2020-08-01.csv         - moderately_sensitive
  output/measures/measure_OC_alertreceived_practice_2020-09-01.csv         - moderately_sensitive
  output/measures/measure_OC_alertreceived_practice_2020-10-01.csv         - moderately_sensitive
  output/measures/measure_OC_alertreceived_practice_2020-11-01.csv         - moderately_sensitive
  output/measures/measure_OC_alertreceived_practice_2020-12-01.csv         - moderately_sensitive
  output/measures/measure_OC_computerlink_practice.csv                     - moderately_sensitive
  output/measures/measure_OC_computerlink_practice_2019-01-01.csv          - moderately_sensitive
  output/measures/measure_OC_computerlink_practice_2019-02-01.csv          - moderately_sensitive
  output/measures/measure_OC_computerlink_practice_2019-03-01.csv          - moderately_sensitive
  output/measures/measure_OC_computerlink_practice_2019-04-01.csv          - moderately_sensitive
  output/measures/measure_OC_computerlink_practice_2019-05-01.csv          - moderately_sensitive
  output/measures/measure_OC_computerlink_practice_2019-06-01.csv          - moderately_sensitive
  output/measures/measure_OC_computerlink_practice_2019-07-01.csv          - moderately_sensitive
  output/measures/measure_OC_computerlink_practice_2019-08-01.csv          - moderately_sensitive
  output/measures/measure_OC_computerlink_practice_2019-09-01.csv          - moderately_sensitive
  output/measures/measure_OC_computerlink_practice_2019-10-01.csv          - moderately_sensitive
  output/measures/measure_OC_computerlink_practice_2019-11-01.csv          - moderately_sensitive
  output/measures/measure_OC_computerlink_practice_2019-12-01.csv          - moderately_sensitive
  output/measures/measure_OC_computerlink_practice_2020-01-01.csv          - moderately_sensitive
  output/measures/measure_OC_computerlink_practice_2020-02-01.csv          - moderately_sensitive
  output/measures/measure_OC_computerlink_practice_2020-03-01.csv          - moderately_sensitive
  output/measures/measure_OC_computerlink_practice_2020-04-01.csv          - moderately_sensitive
  output/measures/measure_OC_computerlink_practice_2020-05-01.csv          - moderately_sensitive
  output/measures/measure_OC_computerlink_practice_2020-06-01.csv          - moderately_sensitive
  output/measures/measure_OC_computerlink_practice_2020-07-01.csv          - moderately_sensitive
  output/measures/measure_OC_computerlink_practice_2020-08-01.csv          - moderately_sensitive
  output/measures/measure_OC_computerlink_practice_2020-09-01.csv          - moderately_sensitive
  output/measures/measure_OC_computerlink_practice_2020-10-01.csv          - moderately_sensitive
  output/measures/measure_OC_computerlink_practice_2020-11-01.csv          - moderately_sensitive
  output/measures/measure_OC_computerlink_practice_2020-12-01.csv          - moderately_sensitive
  output/measures/measure_gpc_practice.csv                                 - moderately_sensitive
  output/measures/measure_gpc_practice_2019-01-01.csv                      - moderately_sensitive
  output/measures/measure_gpc_practice_2019-02-01.csv                      - moderately_sensitive
  output/measures/measure_gpc_practice_2019-03-01.csv                      - moderately_sensitive
  output/measures/measure_gpc_practice_2019-04-01.csv                      - moderately_sensitive
  output/measures/measure_gpc_practice_2019-05-01.csv                      - moderately_sensitive
  output/measures/measure_gpc_practice_2019-06-01.csv                      - moderately_sensitive
  output/measures/measure_gpc_practice_2019-07-01.csv                      - moderately_sensitive
  output/measures/measure_gpc_practice_2019-08-01.csv                      - moderately_sensitive
  output/measures/measure_gpc_practice_2019-09-01.csv                      - moderately_sensitive
  output/measures/measure_gpc_practice_2019-10-01.csv                      - moderately_sensitive
  output/measures/measure_gpc_practice_2019-11-01.csv                      - moderately_sensitive
  output/measures/measure_gpc_practice_2019-12-01.csv                      - moderately_sensitive
  output/measures/measure_gpc_practice_2020-01-01.csv                      - moderately_sensitive
  output/measures/measure_gpc_practice_2020-02-01.csv                      - moderately_sensitive
  output/measures/measure_gpc_practice_2020-03-01.csv                      - moderately_sensitive
  output/measures/measure_gpc_practice_2020-04-01.csv                      - moderately_sensitive
  output/measures/measure_gpc_practice_2020-05-01.csv                      - moderately_sensitive
  output/measures/measure_gpc_practice_2020-06-01.csv                      - moderately_sensitive
  output/measures/measure_gpc_practice_2020-07-01.csv                      - moderately_sensitive
  output/measures/measure_gpc_practice_2020-08-01.csv                      - moderately_sensitive
  output/measures/measure_gpc_practice_2020-09-01.csv                      - moderately_sensitive
  output/measures/measure_gpc_practice_2020-10-01.csv                      - moderately_sensitive
  output/measures/measure_gpc_practice_2020-11-01.csv                      - moderately_sensitive
  output/measures/measure_gpc_practice_2020-12-01.csv                      - moderately_sensitive
  output/measures/measure_snomed_1068881000000101_practice.csv             - moderately_sensitive
  output/measures/measure_snomed_1068881000000101_practice_2019-01-01.csv  - moderately_sensitive
  output/measures/measure_snomed_1068881000000101_practice_2019-02-01.csv  - moderately_sensitive
  output/measures/measure_snomed_1068881000000101_practice_2019-03-01.csv  - moderately_sensitive
  output/measures/measure_snomed_1068881000000101_practice_2019-04-01.csv  - moderately_sensitive
  output/measures/measure_snomed_1068881000000101_practice_2019-05-01.csv  - moderately_sensitive
  output/measures/measure_snomed_1068881000000101_practice_2019-06-01.csv  - moderately_sensitive
  output/measures/measure_snomed_1068881000000101_practice_2019-07-01.csv  - moderately_sensitive
  output/measures/measure_snomed_1068881000000101_practice_2019-08-01.csv  - moderately_sensitive
  output/measures/measure_snomed_1068881000000101_practice_2019-09-01.csv  - moderately_sensitive
  output/measures/measure_snomed_1068881000000101_practice_2019-10-01.csv  - moderately_sensitive
  output/measures/measure_snomed_1068881000000101_practice_2019-11-01.csv  - moderately_sensitive
  output/measures/measure_snomed_1068881000000101_practice_2019-12-01.csv  - moderately_sensitive
  output/measures/measure_snomed_1068881000000101_practice_2020-01-01.csv  - moderately_sensitive
  output/measures/measure_snomed_1068881000000101_practice_2020-02-01.csv  - moderately_sensitive
  output/measures/measure_snomed_1068881000000101_practice_2020-03-01.csv  - moderately_sensitive
  output/measures/measure_snomed_1068881000000101_practice_2020-04-01.csv  - moderately_sensitive
  output/measures/measure_snomed_1068881000000101_practice_2020-05-01.csv  - moderately_sensitive
  output/measures/measure_snomed_1068881000000101_practice_2020-06-01.csv  - moderately_sensitive
  output/measures/measure_snomed_1068881000000101_practice_2020-07-01.csv  - moderately_sensitive
  output/measures/measure_snomed_1068881000000101_practice_2020-08-01.csv  - moderately_sensitive
  output/measures/measure_snomed_1068881000000101_practice_2020-09-01.csv  - moderately_sensitive
  output/measures/measure_snomed_1068881000000101_practice_2020-10-01.csv  - moderately_sensitive
  output/measures/measure_snomed_1068881000000101_practice_2020-11-01.csv  - moderately_sensitive
  output/measures/measure_snomed_1068881000000101_practice_2020-12-01.csv  - moderately_sensitive
  output/measures/measure_snomed_325911000000101_practice.csv              - moderately_sensitive
  output/measures/measure_snomed_325911000000101_practice_2019-01-01.csv   - moderately_sensitive
  output/measures/measure_snomed_325911000000101_practice_2019-02-01.csv   - moderately_sensitive
  output/measures/measure_snomed_325911000000101_practice_2019-03-01.csv   - moderately_sensitive
  output/measures/measure_snomed_325911000000101_practice_2019-04-01.csv   - moderately_sensitive
  output/measures/measure_snomed_325911000000101_practice_2019-05-01.csv   - moderately_sensitive
  output/measures/measure_snomed_325911000000101_practice_2019-06-01.csv   - moderately_sensitive
  output/measures/measure_snomed_325911000000101_practice_2019-07-01.csv   - moderately_sensitive
  output/measures/measure_snomed_325911000000101_practice_2019-08-01.csv   - moderately_sensitive
  output/measures/measure_snomed_325911000000101_practice_2019-09-01.csv   - moderately_sensitive
  output/measures/measure_snomed_325911000000101_practice_2019-10-01.csv   - moderately_sensitive
  output/measures/measure_snomed_325911000000101_practice_2019-11-01.csv   - moderately_sensitive
  output/measures/measure_snomed_325911000000101_practice_2019-12-01.csv   - moderately_sensitive
  output/measures/measure_snomed_325911000000101_practice_2020-01-01.csv   - moderately_sensitive
  output/measures/measure_snomed_325911000000101_practice_2020-02-01.csv   - moderately_sensitive
  output/measures/measure_snomed_325911000000101_practice_2020-03-01.csv   - moderately_sensitive
  output/measures/measure_snomed_325911000000101_practice_2020-04-01.csv   - moderately_sensitive
  output/measures/measure_snomed_325911000000101_practice_2020-05-01.csv   - moderately_sensitive
  output/measures/measure_snomed_325911000000101_practice_2020-06-01.csv   - moderately_sensitive
  output/measures/measure_snomed_325911000000101_practice_2020-07-01.csv   - moderately_sensitive
  output/measures/measure_snomed_325911000000101_practice_2020-08-01.csv   - moderately_sensitive
  output/measures/measure_snomed_325911000000101_practice_2020-09-01.csv   - moderately_sensitive
  output/measures/measure_snomed_325911000000101_practice_2020-10-01.csv   - moderately_sensitive
  output/measures/measure_snomed_325911000000101_practice_2020-11-01.csv   - moderately_sensitive
  output/measures/measure_snomed_325911000000101_practice_2020-12-01.csv   - moderately_sensitive
  output/measures/measure_snomed_325991000000105_practice.csv              - moderately_sensitive
  output/measures/measure_snomed_325991000000105_practice_2019-01-01.csv   - moderately_sensitive
  output/measures/measure_snomed_325991000000105_practice_2019-02-01.csv   - moderately_sensitive
  output/measures/measure_snomed_325991000000105_practice_2019-03-01.csv   - moderately_sensitive
  output/measures/measure_snomed_325991000000105_practice_2019-04-01.csv   - moderately_sensitive
  output/measures/measure_snomed_325991000000105_practice_2019-05-01.csv   - moderately_sensitive
  output/measures/measure_snomed_325991000000105_practice_2019-06-01.csv   - moderately_sensitive
  output/measures/measure_snomed_325991000000105_practice_2019-07-01.csv   - moderately_sensitive
  output/measures/measure_snomed_325991000000105_practice_2019-08-01.csv   - moderately_sensitive
  output/measures/measure_snomed_325991000000105_practice_2019-09-01.csv   - moderately_sensitive
  output/measures/measure_snomed_325991000000105_practice_2019-10-01.csv   - moderately_sensitive
  output/measures/measure_snomed_325991000000105_practice_2019-11-01.csv   - moderately_sensitive
  output/measures/measure_snomed_325991000000105_practice_2019-12-01.csv   - moderately_sensitive
  output/measures/measure_snomed_325991000000105_practice_2020-01-01.csv   - moderately_sensitive
  output/measures/measure_snomed_325991000000105_practice_2020-02-01.csv   - moderately_sensitive
  output/measures/measure_snomed_325991000000105_practice_2020-03-01.csv   - moderately_sensitive
  output/measures/measure_snomed_325991000000105_practice_2020-04-01.csv   - moderately_sensitive
  output/measures/measure_snomed_325991000000105_practice_2020-05-01.csv   - moderately_sensitive
  output/measures/measure_snomed_325991000000105_practice_2020-06-01.csv   - moderately_sensitive
  output/measures/measure_snomed_325991000000105_practice_2020-07-01.csv   - moderately_sensitive
  output/measures/measure_snomed_325991000000105_practice_2020-08-01.csv   - moderately_sensitive
  output/measures/measure_snomed_325991000000105_practice_2020-09-01.csv   - moderately_sensitive
  output/measures/measure_snomed_325991000000105_practice_2020-10-01.csv   - moderately_sensitive
  output/measures/measure_snomed_325991000000105_practice_2020-11-01.csv   - moderately_sensitive
  output/measures/measure_snomed_325991000000105_practice_2020-12-01.csv   - moderately_sensitive
  output/measures/measure_snomed_978871000000104_practice.csv              - moderately_sensitive
  output/measures/measure_snomed_978871000000104_practice_2019-01-01.csv   - moderately_sensitive
  output/measures/measure_snomed_978871000000104_practice_2019-02-01.csv   - moderately_sensitive
  output/measures/measure_snomed_978871000000104_practice_2019-03-01.csv   - moderately_sensitive
  output/measures/measure_snomed_978871000000104_practice_2019-04-01.csv   - moderately_sensitive
  output/measures/measure_snomed_978871000000104_practice_2019-05-01.csv   - moderately_sensitive
  output/measures/measure_snomed_978871000000104_practice_2019-06-01.csv   - moderately_sensitive
  output/measures/measure_snomed_978871000000104_practice_2019-07-01.csv   - moderately_sensitive
  output/measures/measure_snomed_978871000000104_practice_2019-08-01.csv   - moderately_sensitive
  output/measures/measure_snomed_978871000000104_practice_2019-09-01.csv   - moderately_sensitive
  output/measures/measure_snomed_978871000000104_practice_2019-10-01.csv   - moderately_sensitive
  output/measures/measure_snomed_978871000000104_practice_2019-11-01.csv   - moderately_sensitive
  output/measures/measure_snomed_978871000000104_practice_2019-12-01.csv   - moderately_sensitive
  output/measures/measure_snomed_978871000000104_practice_2020-01-01.csv   - moderately_sensitive
  output/measures/measure_snomed_978871000000104_practice_2020-02-01.csv   - moderately_sensitive
  output/measures/measure_snomed_978871000000104_practice_2020-03-01.csv   - moderately_sensitive
  output/measures/measure_snomed_978871000000104_practice_2020-04-01.csv   - moderately_sensitive
  output/measures/measure_snomed_978871000000104_practice_2020-05-01.csv   - moderately_sensitive
  output/measures/measure_snomed_978871000000104_practice_2020-06-01.csv   - moderately_sensitive
  output/measures/measure_snomed_978871000000104_practice_2020-07-01.csv   - moderately_sensitive
  output/measures/measure_snomed_978871000000104_practice_2020-08-01.csv   - moderately_sensitive
  output/measures/measure_snomed_978871000000104_practice_2020-09-01.csv   - moderately_sensitive
  output/measures/measure_snomed_978871000000104_practice_2020-10-01.csv   - moderately_sensitive
  output/measures/measure_snomed_978871000000104_practice_2020-11-01.csv   - moderately_sensitive
  output/measures/measure_snomed_978871000000104_practice_2020-12-01.csv   - moderately_sensitive
  output/measures/measure_snomed_OCall_practice.csv                        - moderately_sensitive
  output/measures/measure_snomed_OCall_practice_2019-01-01.csv             - moderately_sensitive
  output/measures/measure_snomed_OCall_practice_2019-02-01.csv             - moderately_sensitive
  output/measures/measure_snomed_OCall_practice_2019-03-01.csv             - moderately_sensitive
  output/measures/measure_snomed_OCall_practice_2019-04-01.csv             - moderately_sensitive
  output/measures/measure_snomed_OCall_practice_2019-05-01.csv             - moderately_sensitive
  output/measures/measure_snomed_OCall_practice_2019-06-01.csv             - moderately_sensitive
  output/measures/measure_snomed_OCall_practice_2019-07-01.csv             - moderately_sensitive
  output/measures/measure_snomed_OCall_practice_2019-08-01.csv             - moderately_sensitive
  output/measures/measure_snomed_OCall_practice_2019-09-01.csv             - moderately_sensitive
  output/measures/measure_snomed_OCall_practice_2019-10-01.csv             - moderately_sensitive
  output/measures/measure_snomed_OCall_practice_2019-11-01.csv             - moderately_sensitive
  output/measures/measure_snomed_OCall_practice_2019-12-01.csv             - moderately_sensitive
  output/measures/measure_snomed_OCall_practice_2020-01-01.csv             - moderately_sensitive
  output/measures/measure_snomed_OCall_practice_2020-02-01.csv             - moderately_sensitive
  output/measures/measure_snomed_OCall_practice_2020-03-01.csv             - moderately_sensitive
  output/measures/measure_snomed_OCall_practice_2020-04-01.csv             - moderately_sensitive
  output/measures/measure_snomed_OCall_practice_2020-05-01.csv             - moderately_sensitive
  output/measures/measure_snomed_OCall_practice_2020-06-01.csv             - moderately_sensitive
  output/measures/measure_snomed_OCall_practice_2020-07-01.csv             - moderately_sensitive
  output/measures/measure_snomed_OCall_practice_2020-08-01.csv             - moderately_sensitive
  output/measures/measure_snomed_OCall_practice_2020-09-01.csv             - moderately_sensitive
  output/measures/measure_snomed_OCall_practice_2020-10-01.csv             - moderately_sensitive
  output/measures/measure_snomed_OCall_practice_2020-11-01.csv             - moderately_sensitive
  output/measures/measure_snomed_OCall_practice_2020-12-01.csv             - moderately_sensitive