2021-04-14T14:09:28.255274500Z -- Attaching packages --------------------------------------- tidyverse 1.3.0 --
2021-04-14T14:09:28.279048800Z v ggplot2 3.3.2     v purrr   0.3.4
2021-04-14T14:09:28.279138500Z v tibble  3.0.3     v dplyr   1.0.2
2021-04-14T14:09:28.279171700Z v tidyr   1.1.2     v stringr 1.4.0
2021-04-14T14:09:28.279204400Z v readr   1.3.1     v forcats 0.5.0
2021-04-14T14:09:28.798877000Z -- Conflicts ------------------------------------------ tidyverse_conflicts() --
2021-04-14T14:09:28.798976800Z x dplyr::filter() masks stats::filter()
2021-04-14T14:09:28.799006000Z x dplyr::lag()    masks stats::lag()
2021-04-14T14:09:35.918206300Z here() starts at /workspace
2021-04-14T14:09:36.162346300Z Parsed with column specification:
2021-04-14T14:09:36.162408400Z cols(
2021-04-14T14:09:36.162448800Z   latest_consultation_date = col_character(),
2021-04-14T14:09:36.162480100Z   a_e_consult_date = col_date(format = ""),
2021-04-14T14:09:36.162510700Z   age = col_double(),
2021-04-14T14:09:36.162542700Z   sex = col_character(),
2021-04-14T14:09:36.162574000Z   ethnicity = col_double(),
2021-04-14T14:09:36.162605400Z   imd = col_character(),
2021-04-14T14:09:36.162636400Z   care_home_type = col_character(),
2021-04-14T14:09:36.162666300Z   hh_size = col_double(),
2021-04-14T14:09:36.162731500Z   region = col_character(),
2021-04-14T14:09:36.162768300Z   stp = col_character(),
2021-04-14T14:09:36.162905000Z   practice = col_double(),
2021-04-14T14:09:36.162936900Z   rural_urban = col_double(),
2021-04-14T14:09:36.162970700Z   gp_consult_count = col_double(),
2021-04-14T14:09:36.163021500Z   has_consultation_history = col_double(),
2021-04-14T14:09:36.163055100Z   OC_instance_ctv3 = col_double(),
2021-04-14T14:09:36.163084900Z   OC_instance_snomed = col_double(),
2021-04-14T14:09:36.163114600Z   OC_episode_count = col_double(),
2021-04-14T14:09:36.163230900Z   has_disability = col_double(),
2021-04-14T14:09:36.163262300Z   patient_id = col_double()
2021-04-14T14:09:36.163291700Z )
2021-04-14T14:09:36.882604300Z `summarise()` regrouping output by 'age_group' (override with `.groups` argument)
2021-04-14T14:09:36.941781600Z Note: Using an external vector in selections is ambiguous.
2021-04-14T14:09:36.941856400Z i Use `all_of(desc_vars)` instead of `desc_vars` to silence this message.
2021-04-14T14:09:36.941891600Z i See <https://tidyselect.r-lib.org/reference/faq-external-vector.html>.
2021-04-14T14:09:36.941923500Z This message is displayed once per session.
2021-04-14T14:10:13.913852100Z Note: Using an external vector in selections is ambiguous.
2021-04-14T14:10:13.913966800Z i Use `all_of(desc_vars2)` instead of `desc_vars2` to silence this message.
2021-04-14T14:10:13.914029500Z i See <https://tidyselect.r-lib.org/reference/faq-external-vector.html>.
2021-04-14T14:10:13.914064300Z This message is displayed once per session.


state: succeeded
commit: none
docker_image_id: sha256:c2fc5042bf86134947d83ad8e70bd926e2c1f91a263c6bfe87438ad783bec981
exit_code: 0
job_id: ktrmmoqx27azqqpw
run_by_user: None
created_at: 2021-04-14T14:08:04Z
started_at: 2021-04-14T14:09:16Z
completed_at: 2021-04-14T14:10:55Z

Completed successfully

outputs:
  logs/log-01-createSDtables.txt      - moderately_sensitive
  output/tables/gt_gpcpop.html        - moderately_sensitive
  output/tables/gt_ocpop.html         - moderately_sensitive
  output/tables/tb04_gpcr_agesex.csv  - moderately_sensitive