2021-04-14T14:13:24.249903600Z -- Attaching packages --------------------------------------- tidyverse 1.3.0 --
2021-04-14T14:13:24.260273600Z v ggplot2 3.3.2     v purrr   0.3.4
2021-04-14T14:13:24.260374900Z v tibble  3.0.3     v dplyr   1.0.2
2021-04-14T14:13:24.260403000Z v tidyr   1.1.2     v stringr 1.4.0
2021-04-14T14:13:24.260430000Z v readr   1.3.1     v forcats 0.5.0
2021-04-14T14:13:24.492311300Z -- Conflicts ------------------------------------------ tidyverse_conflicts() --
2021-04-14T14:13:24.492373200Z x dplyr::filter() masks stats::filter()
2021-04-14T14:13:24.492406500Z x dplyr::lag()    masks stats::lag()
2021-04-14T14:13:24.522491000Z here() starts at /workspace
2021-04-14T14:13:24.780616400Z Parsed with column specification:
2021-04-14T14:13:24.780676400Z cols(
2021-04-14T14:13:24.780708400Z   .default = col_double(),
2021-04-14T14:13:24.780739300Z   region = col_character(),
2021-04-14T14:13:24.780770100Z   stp = col_character()
2021-04-14T14:13:24.780800600Z )
2021-04-14T14:13:24.780830300Z See spec(...) for full column specifications.
2021-04-14T14:13:28.123635600Z Parsed with column specification:
2021-04-14T14:13:28.123709000Z cols(
2021-04-14T14:13:28.123747400Z   .default = col_double(),
2021-04-14T14:13:28.123780700Z   region = col_character(),
2021-04-14T14:13:28.123814800Z   stp = col_character()
2021-04-14T14:13:28.123846300Z )
2021-04-14T14:13:28.124364700Z See spec(...) for full column specifications.
2021-04-14T14:13:31.264738400Z Parsed with column specification:
2021-04-14T14:13:31.264795800Z cols(
2021-04-14T14:13:31.264820000Z   .default = col_double(),
2021-04-14T14:13:31.264843400Z   region = col_character(),
2021-04-14T14:13:31.264868100Z   stp = col_character()
2021-04-14T14:13:31.264900700Z )
2021-04-14T14:13:31.265255400Z See spec(...) for full column specifications.
2021-04-14T14:13:34.941804800Z Parsed with column specification:
2021-04-14T14:13:34.941941100Z cols(
2021-04-14T14:13:34.941969200Z   .default = col_double(),
2021-04-14T14:13:34.941994600Z   region = col_character(),
2021-04-14T14:13:34.942020100Z   stp = col_character()
2021-04-14T14:13:34.942044900Z )
2021-04-14T14:13:34.942697300Z See spec(...) for full column specifications.
2021-04-14T14:13:38.873327100Z Parsed with column specification:
2021-04-14T14:13:38.873422300Z cols(
2021-04-14T14:13:38.873455100Z   .default = col_double(),
2021-04-14T14:13:38.873550600Z   region = col_character(),
2021-04-14T14:13:38.873650800Z   stp = col_character()
2021-04-14T14:13:38.873683300Z )
2021-04-14T14:13:38.873853900Z See spec(...) for full column specifications.
2021-04-14T14:13:42.707746700Z Parsed with column specification:
2021-04-14T14:13:42.707801400Z cols(
2021-04-14T14:13:42.707826600Z   .default = col_double(),
2021-04-14T14:13:42.707850900Z   region = col_character(),
2021-04-14T14:13:42.707875100Z   stp = col_character()
2021-04-14T14:13:42.707899500Z )
2021-04-14T14:13:42.754664000Z See spec(...) for full column specifications.
2021-04-14T14:13:46.733313600Z Parsed with column specification:
2021-04-14T14:13:46.733381500Z cols(
2021-04-14T14:13:46.733413500Z   .default = col_double(),
2021-04-14T14:13:46.733444100Z   region = col_character(),
2021-04-14T14:13:46.733475200Z   stp = col_character()
2021-04-14T14:13:46.733506200Z )
2021-04-14T14:13:46.733536800Z See spec(...) for full column specifications.
2021-04-14T14:13:51.810209800Z Parsed with column specification:
2021-04-14T14:13:51.810270800Z cols(
2021-04-14T14:13:51.810303200Z   .default = col_double(),
2021-04-14T14:13:51.810340800Z   region = col_character(),
2021-04-14T14:13:51.810366900Z   stp = col_character()
2021-04-14T14:13:51.810394900Z )
2021-04-14T14:13:51.811088600Z See spec(...) for full column specifications.
2021-04-14T14:13:58.072107000Z Parsed with column specification:
2021-04-14T14:13:58.072179100Z cols(
2021-04-14T14:13:58.072213300Z   .default = col_double(),
2021-04-14T14:13:58.072246600Z   region = col_character(),
2021-04-14T14:13:58.072279700Z   stp = col_character()
2021-04-14T14:13:58.072312400Z )
2021-04-14T14:13:58.072556400Z See spec(...) for full column specifications.
2021-04-14T14:14:01.593590100Z Parsed with column specification:
2021-04-14T14:14:01.593650100Z cols(
2021-04-14T14:14:01.593680500Z   .default = col_double(),
2021-04-14T14:14:01.593709600Z   region = col_character(),
2021-04-14T14:14:01.593738400Z   stp = col_character()
2021-04-14T14:14:01.593767200Z )
2021-04-14T14:14:01.593988300Z See spec(...) for full column specifications.
2021-04-14T14:14:04.979119800Z Parsed with column specification:
2021-04-14T14:14:04.979181800Z cols(
2021-04-14T14:14:04.979274500Z   .default = col_double(),
2021-04-14T14:14:04.979306800Z   region = col_character(),
2021-04-14T14:14:04.979358900Z   stp = col_character()
2021-04-14T14:14:04.979394700Z )
2021-04-14T14:14:04.979431300Z See spec(...) for full column specifications.
2021-04-14T14:14:09.749486000Z Parsed with column specification:
2021-04-14T14:14:09.749562200Z cols(
2021-04-14T14:14:09.749619500Z   .default = col_double(),
2021-04-14T14:14:09.749651200Z   region = col_character(),
2021-04-14T14:14:09.749674100Z   stp = col_character()
2021-04-14T14:14:09.749704600Z )
2021-04-14T14:14:09.749749800Z See spec(...) for full column specifications.
2021-04-14T14:14:13.246148900Z Parsed with column specification:
2021-04-14T14:14:13.246223200Z cols(
2021-04-14T14:14:13.246589400Z   .default = col_double(),
2021-04-14T14:14:13.246619600Z   region = col_character(),
2021-04-14T14:14:13.246649400Z   stp = col_character()
2021-04-14T14:14:13.246679100Z )
2021-04-14T14:14:13.246708800Z See spec(...) for full column specifications.
2021-04-14T14:14:16.270281200Z Parsed with column specification:
2021-04-14T14:14:16.270435300Z cols(
2021-04-14T14:14:16.270494800Z   .default = col_double(),
2021-04-14T14:14:16.270527100Z   region = col_character(),
2021-04-14T14:14:16.270557400Z   stp = col_character()
2021-04-14T14:14:16.270587800Z )
2021-04-14T14:14:16.271004900Z See spec(...) for full column specifications.
2021-04-14T14:14:19.414802400Z Parsed with column specification:
2021-04-14T14:14:19.414889500Z cols(
2021-04-14T14:14:19.415045700Z   .default = col_double(),
2021-04-14T14:14:19.415083100Z   region = col_character(),
2021-04-14T14:14:19.415113600Z   stp = col_character()
2021-04-14T14:14:19.415146700Z )
2021-04-14T14:14:19.415424000Z See spec(...) for full column specifications.
2021-04-14T14:14:22.109177700Z Parsed with column specification:
2021-04-14T14:14:22.109270200Z cols(
2021-04-14T14:14:22.109329200Z   .default = col_double(),
2021-04-14T14:14:22.109360600Z   region = col_character(),
2021-04-14T14:14:22.109390400Z   stp = col_character()
2021-04-14T14:14:22.109420300Z )
2021-04-14T14:14:22.109618300Z See spec(...) for full column specifications.
2021-04-14T14:14:25.666566900Z Parsed with column specification:
2021-04-14T14:14:25.666635000Z cols(
2021-04-14T14:14:25.666668300Z   .default = col_double(),
2021-04-14T14:14:25.666699900Z   region = col_character(),
2021-04-14T14:14:25.666731600Z   stp = col_character()
2021-04-14T14:14:25.666762200Z )
2021-04-14T14:14:25.667405100Z See spec(...) for full column specifications.
2021-04-14T14:14:28.602613600Z Parsed with column specification:
2021-04-14T14:14:28.602713100Z cols(
2021-04-14T14:14:28.602740800Z   .default = col_double(),
2021-04-14T14:14:28.602766100Z   region = col_character(),
2021-04-14T14:14:28.602803800Z   stp = col_character()
2021-04-14T14:14:28.602897400Z )
2021-04-14T14:14:28.603438400Z See spec(...) for full column specifications.
2021-04-14T14:14:31.544274200Z Parsed with column specification:
2021-04-14T14:14:31.544390600Z cols(
2021-04-14T14:14:31.544423500Z   .default = col_double(),
2021-04-14T14:14:31.544454600Z   region = col_character(),
2021-04-14T14:14:31.544486400Z   stp = col_character()
2021-04-14T14:14:31.544518200Z )
2021-04-14T14:14:31.544549000Z See spec(...) for full column specifications.
2021-04-14T14:14:34.303244800Z Parsed with column specification:
2021-04-14T14:14:34.303300300Z cols(
2021-04-14T14:14:34.303326400Z   .default = col_double(),
2021-04-14T14:14:34.303352100Z   region = col_character(),
2021-04-14T14:14:34.303468400Z   stp = col_character()
2021-04-14T14:14:34.303494300Z )
2021-04-14T14:14:34.303977200Z See spec(...) for full column specifications.
2021-04-14T14:14:37.208609100Z Parsed with column specification:
2021-04-14T14:14:37.208664500Z cols(
2021-04-14T14:14:37.208793600Z   .default = col_double(),
2021-04-14T14:14:37.208825100Z   region = col_character(),
2021-04-14T14:14:37.208857100Z   stp = col_character()
2021-04-14T14:14:37.208881600Z )
2021-04-14T14:14:37.208905800Z See spec(...) for full column specifications.
2021-04-14T14:14:40.264384000Z Parsed with column specification:
2021-04-14T14:14:40.264451300Z cols(
2021-04-14T14:14:40.264479400Z   .default = col_double(),
2021-04-14T14:14:40.264505400Z   region = col_character(),
2021-04-14T14:14:40.264531200Z   stp = col_character()
2021-04-14T14:14:40.264557000Z )
2021-04-14T14:14:40.264750200Z See spec(...) for full column specifications.
2021-04-14T14:14:43.133872300Z Parsed with column specification:
2021-04-14T14:14:43.133928100Z cols(
2021-04-14T14:14:43.133951700Z   .default = col_double(),
2021-04-14T14:14:43.133978000Z   region = col_character(),
2021-04-14T14:14:43.134002700Z   stp = col_character()
2021-04-14T14:14:43.134026800Z )
2021-04-14T14:14:43.134050500Z See spec(...) for full column specifications.
2021-04-14T14:14:45.930860600Z Parsed with column specification:
2021-04-14T14:14:45.930937800Z cols(
2021-04-14T14:14:45.930972600Z   .default = col_double(),
2021-04-14T14:14:45.931004700Z   region = col_character(),
2021-04-14T14:14:45.931036900Z   stp = col_character()
2021-04-14T14:14:45.931067700Z )
2021-04-14T14:14:45.931098200Z See spec(...) for full column specifications.
2021-04-14T14:14:53.595680700Z `summarise()` regrouping output by 'region' (override with `.groups` argument)
2021-04-14T14:14:53.629631200Z `summarise()` ungrouping output (override with `.groups` argument)
2021-04-14T14:15:00.782802700Z `summarise()` regrouping output by 'region' (override with `.groups` argument)
2021-04-14T14:15:00.819655300Z `summarise()` ungrouping output (override with `.groups` argument)


state: succeeded
commit: none
docker_image_id: sha256:c2fc5042bf86134947d83ad8e70bd926e2c1f91a263c6bfe87438ad783bec981
exit_code: 0
job_id: fbvwuatykfuvibxa
run_by_user: None
created_at: 2021-04-14T14:08:04Z
started_at: 2021-04-14T14:13:20Z
completed_at: 2021-04-14T14:16:04Z

Completed successfully

outputs:
  logs/log-03-createnattrends.txt                    - moderately_sensitive
  output/plots/sc03_fig01_nattrends.svg              - moderately_sensitive
  output/plots/sc03_fig02_nattrends.svg              - moderately_sensitive
  output/plots/sc03_fig03_pracnatcoverage.svg        - moderately_sensitive
  output/plots/sc03_fig04_pracbyregcoverage.svg      - moderately_sensitive
  output/plots/sc03_fig05_ctv3pracnatcoverage.svg    - moderately_sensitive
  output/plots/sc03_fig06_ctv3pracbyregcoverage.svg  - moderately_sensitive
  output/plots/sc03_fig07_ctv3nattrends.svg          - moderately_sensitive
  output/plots/sc03_fig08_ctv3nattrends.svg          - moderately_sensitive
  output/tables/sc03_tb01_nattrends.csv              - moderately_sensitive