2021-04-14T14:09:51.757735000Z -- Attaching packages --------------------------------------- tidyverse 1.3.0 --
2021-04-14T14:09:51.836295300Z v ggplot2 3.3.2     v purrr   0.3.4
2021-04-14T14:09:51.836352800Z v tibble  3.0.3     v dplyr   1.0.2
2021-04-14T14:09:51.836384000Z v tidyr   1.1.2     v stringr 1.4.0
2021-04-14T14:09:51.836413900Z v readr   1.3.1     v forcats 0.5.0
2021-04-14T14:09:52.839508600Z -- Conflicts ------------------------------------------ tidyverse_conflicts() --
2021-04-14T14:09:52.839587700Z x dplyr::filter() masks stats::filter()
2021-04-14T14:09:52.839619800Z x dplyr::lag()    masks stats::lag()
2021-04-14T14:09:53.005039800Z here() starts at /workspace
2021-04-14T14:09:53.304676600Z Parsed with column specification:
2021-04-14T14:09:53.304833700Z cols(
2021-04-14T14:09:53.304868900Z   .default = col_double(),
2021-04-14T14:09:53.304899300Z   region = col_character(),
2021-04-14T14:09:53.304929400Z   stp = col_character()
2021-04-14T14:09:53.304960200Z )
2021-04-14T14:09:53.304991100Z See spec(...) for full column specifications.


state: succeeded
commit: none
docker_image_id: sha256:c2fc5042bf86134947d83ad8e70bd926e2c1f91a263c6bfe87438ad783bec981
exit_code: 0
job_id: 7pflttz3kcsn4crf
run_by_user: None
created_at: 2021-04-14T14:08:04Z
started_at: 2021-04-14T14:09:41Z
completed_at: 2021-04-14T14:10:37Z

Completed successfully

outputs:
  logs/log-0a-snomedcheck.txt                 - moderately_sensitive
  output/tables/sc0a_snomedcheck_tallies.csv  - moderately_sensitive