2021-04-14T14:10:55.409692600Z 2021-04-14 14:10:55 [info     ] Generating cohort for study_definition in output [cohortextractor.cohortextractor] 
2021-04-14T14:10:55.767662400Z 2021-04-14 14:10:55 [info     ] Setting index_date to 2020-12-01 [cohortextractor.cohortextractor] 
2021-04-14T14:10:57.062233900Z 2021-04-14 14:10:57 [info     ] Successfully created cohort and covariates at output/input_2020-12-01.csv [cohortextractor.cohortextractor] 
2021-04-14T14:10:57.062405700Z 2021-04-14 14:10:57 [info     ] Setting index_date to 2020-11-01 [cohortextractor.cohortextractor] 
2021-04-14T14:10:58.280360400Z 2021-04-14 14:10:58 [info     ] Successfully created cohort and covariates at output/input_2020-11-01.csv [cohortextractor.cohortextractor] 
2021-04-14T14:10:58.280417900Z 2021-04-14 14:10:58 [info     ] Setting index_date to 2020-10-01 [cohortextractor.cohortextractor] 
2021-04-14T14:11:00.457936500Z 2021-04-14 14:11:00 [info     ] Successfully created cohort and covariates at output/input_2020-10-01.csv [cohortextractor.cohortextractor] 
2021-04-14T14:11:00.459057400Z 2021-04-14 14:11:00 [info     ] Setting index_date to 2020-09-01 [cohortextractor.cohortextractor] 
2021-04-14T14:11:01.949187400Z 2021-04-14 14:11:01 [info     ] Successfully created cohort and covariates at output/input_2020-09-01.csv [cohortextractor.cohortextractor] 
2021-04-14T14:11:01.949969900Z 2021-04-14 14:11:01 [info     ] Setting index_date to 2020-08-01 [cohortextractor.cohortextractor] 
2021-04-14T14:11:02.805028000Z 2021-04-14 14:11:02 [info     ] Successfully created cohort and covariates at output/input_2020-08-01.csv [cohortextractor.cohortextractor] 
2021-04-14T14:11:02.805140700Z 2021-04-14 14:11:02 [info     ] Setting index_date to 2020-07-01 [cohortextractor.cohortextractor] 
2021-04-14T14:11:05.638345600Z 2021-04-14 14:11:05 [info     ] Successfully created cohort and covariates at output/input_2020-07-01.csv [cohortextractor.cohortextractor] 
2021-04-14T14:11:05.638410600Z 2021-04-14 14:11:05 [info     ] Setting index_date to 2020-06-01 [cohortextractor.cohortextractor] 
2021-04-14T14:11:07.126353100Z 2021-04-14 14:11:07 [info     ] Successfully created cohort and covariates at output/input_2020-06-01.csv [cohortextractor.cohortextractor] 
2021-04-14T14:11:07.126412200Z 2021-04-14 14:11:07 [info     ] Setting index_date to 2020-05-01 [cohortextractor.cohortextractor] 
2021-04-14T14:11:08.602787500Z 2021-04-14 14:11:08 [info     ] Successfully created cohort and covariates at output/input_2020-05-01.csv [cohortextractor.cohortextractor] 
2021-04-14T14:11:08.608836300Z 2021-04-14 14:11:08 [info     ] Setting index_date to 2020-04-01 [cohortextractor.cohortextractor] 
2021-04-14T14:11:10.196480200Z 2021-04-14 14:11:10 [info     ] Successfully created cohort and covariates at output/input_2020-04-01.csv [cohortextractor.cohortextractor] 
2021-04-14T14:11:10.196545200Z 2021-04-14 14:11:10 [info     ] Setting index_date to 2020-03-01 [cohortextractor.cohortextractor] 
2021-04-14T14:11:12.965174900Z 2021-04-14 14:11:12 [info     ] Successfully created cohort and covariates at output/input_2020-03-01.csv [cohortextractor.cohortextractor] 
2021-04-14T14:11:12.967378100Z 2021-04-14 14:11:12 [info     ] Setting index_date to 2020-02-01 [cohortextractor.cohortextractor] 
2021-04-14T14:11:14.552132200Z 2021-04-14 14:11:14 [info     ] Successfully created cohort and covariates at output/input_2020-02-01.csv [cohortextractor.cohortextractor] 
2021-04-14T14:11:14.552744300Z 2021-04-14 14:11:14 [info     ] Setting index_date to 2020-01-01 [cohortextractor.cohortextractor] 
2021-04-14T14:11:15.951120900Z 2021-04-14 14:11:15 [info     ] Successfully created cohort and covariates at output/input_2020-01-01.csv [cohortextractor.cohortextractor] 
2021-04-14T14:11:15.951168400Z 2021-04-14 14:11:15 [info     ] Setting index_date to 2019-12-01 [cohortextractor.cohortextractor] 
2021-04-14T14:11:17.928101400Z 2021-04-14 14:11:17 [info     ] Successfully created cohort and covariates at output/input_2019-12-01.csv [cohortextractor.cohortextractor] 
2021-04-14T14:11:17.928192300Z 2021-04-14 14:11:17 [info     ] Setting index_date to 2019-11-01 [cohortextractor.cohortextractor] 
2021-04-14T14:11:19.951917300Z 2021-04-14 14:11:19 [info     ] Successfully created cohort and covariates at output/input_2019-11-01.csv [cohortextractor.cohortextractor] 
2021-04-14T14:11:19.952553400Z 2021-04-14 14:11:19 [info     ] Setting index_date to 2019-10-01 [cohortextractor.cohortextractor] 
2021-04-14T14:11:21.207763900Z 2021-04-14 14:11:21 [info     ] Successfully created cohort and covariates at output/input_2019-10-01.csv [cohortextractor.cohortextractor] 
2021-04-14T14:11:21.208285300Z 2021-04-14 14:11:21 [info     ] Setting index_date to 2019-09-01 [cohortextractor.cohortextractor] 
2021-04-14T14:11:22.722112000Z 2021-04-14 14:11:22 [info     ] Successfully created cohort and covariates at output/input_2019-09-01.csv [cohortextractor.cohortextractor] 
2021-04-14T14:11:22.722162200Z 2021-04-14 14:11:22 [info     ] Setting index_date to 2019-08-01 [cohortextractor.cohortextractor] 
2021-04-14T14:11:24.016853800Z 2021-04-14 14:11:24 [info     ] Successfully created cohort and covariates at output/input_2019-08-01.csv [cohortextractor.cohortextractor] 
2021-04-14T14:11:24.016970600Z 2021-04-14 14:11:24 [info     ] Setting index_date to 2019-07-01 [cohortextractor.cohortextractor] 
2021-04-14T14:11:25.205891700Z 2021-04-14 14:11:25 [info     ] Successfully created cohort and covariates at output/input_2019-07-01.csv [cohortextractor.cohortextractor] 
2021-04-14T14:11:25.206972600Z 2021-04-14 14:11:25 [info     ] Setting index_date to 2019-06-01 [cohortextractor.cohortextractor] 
2021-04-14T14:11:27.033059800Z 2021-04-14 14:11:27 [info     ] Successfully created cohort and covariates at output/input_2019-06-01.csv [cohortextractor.cohortextractor] 
2021-04-14T14:11:27.033109600Z 2021-04-14 14:11:27 [info     ] Setting index_date to 2019-05-01 [cohortextractor.cohortextractor] 
2021-04-14T14:11:28.251840500Z 2021-04-14 14:11:28 [info     ] Successfully created cohort and covariates at output/input_2019-05-01.csv [cohortextractor.cohortextractor] 
2021-04-14T14:11:28.251917100Z 2021-04-14 14:11:28 [info     ] Setting index_date to 2019-04-01 [cohortextractor.cohortextractor] 
2021-04-14T14:11:29.315247200Z 2021-04-14 14:11:29 [info     ] Successfully created cohort and covariates at output/input_2019-04-01.csv [cohortextractor.cohortextractor] 
2021-04-14T14:11:29.315306500Z 2021-04-14 14:11:29 [info     ] Setting index_date to 2019-03-01 [cohortextractor.cohortextractor] 
2021-04-14T14:11:30.816784800Z 2021-04-14 14:11:30 [info     ] Successfully created cohort and covariates at output/input_2019-03-01.csv [cohortextractor.cohortextractor] 
2021-04-14T14:11:30.816960900Z 2021-04-14 14:11:30 [info     ] Setting index_date to 2019-02-01 [cohortextractor.cohortextractor] 
2021-04-14T14:11:31.785982600Z 2021-04-14 14:11:31 [info     ] Successfully created cohort and covariates at output/input_2019-02-01.csv [cohortextractor.cohortextractor] 
2021-04-14T14:11:31.786038400Z 2021-04-14 14:11:31 [info     ] Setting index_date to 2019-01-01 [cohortextractor.cohortextractor] 
2021-04-14T14:11:32.578950000Z 2021-04-14 14:11:32 [info     ] Successfully created cohort and covariates at output/input_2019-01-01.csv [cohortextractor.cohortextractor] 


state: succeeded
commit: none
docker_image_id: sha256:a8644f2122ebe4472dab45af2b99850f7511992d5557e29b9a654f2ea25bd82b
exit_code: 0
job_id: g5ew5te5kd6kx3iy
run_by_user: None
created_at: 2021-04-14T14:08:04Z
started_at: 2021-04-14T14:10:53Z
completed_at: 2021-04-14T14:15:29Z

Completed successfully

outputs:
  output/input_2019-01-01.csv  - highly_sensitive
  output/input_2019-02-01.csv  - highly_sensitive
  output/input_2019-03-01.csv  - highly_sensitive
  output/input_2019-04-01.csv  - highly_sensitive
  output/input_2019-05-01.csv  - highly_sensitive
  output/input_2019-06-01.csv  - highly_sensitive
  output/input_2019-07-01.csv  - highly_sensitive
  output/input_2019-08-01.csv  - highly_sensitive
  output/input_2019-09-01.csv  - highly_sensitive
  output/input_2019-10-01.csv  - highly_sensitive
  output/input_2019-11-01.csv  - highly_sensitive
  output/input_2019-12-01.csv  - highly_sensitive
  output/input_2020-01-01.csv  - highly_sensitive
  output/input_2020-02-01.csv  - highly_sensitive
  output/input_2020-03-01.csv  - highly_sensitive
  output/input_2020-04-01.csv  - highly_sensitive
  output/input_2020-05-01.csv  - highly_sensitive
  output/input_2020-06-01.csv  - highly_sensitive
  output/input_2020-07-01.csv  - highly_sensitive
  output/input_2020-08-01.csv  - highly_sensitive
  output/input_2020-09-01.csv  - highly_sensitive
  output/input_2020-10-01.csv  - highly_sensitive
  output/input_2020-11-01.csv  - highly_sensitive
  output/input_2020-12-01.csv  - highly_sensitive