2021-04-14T14:16:49.136058700Z 2021-04-14 14:16:49 [info     ] Generating measure for {study_name} in {output_dir} [cohortextractor.cohortextractor] 
2021-04-14T14:16:49.498518400Z /app/cohortextractor/cohortextractor.py:343: SettingWithCopyWarning: 
2021-04-14T14:16:49.498569300Z A value is trying to be set on a copy of a slice from a DataFrame.
2021-04-14T14:16:49.498601500Z Try using .loc[row_indexer,col_indexer] = value instead
2021-04-14T14:16:49.498633300Z 
2021-04-14T14:16:49.498664800Z See the caveats in the documentation: https://pandas.pydata.org/pandas-docs/stable/user_guide/indexing.html#returning-a-view-versus-a-copy
2021-04-14T14:16:49.498696600Z   measure_df["value"] = (
2021-04-14T14:16:49.506355300Z 2021-04-14 14:16:49 [info     ] Created measure output at output/measure_1_total_2020-07-01.csv [cohortextractor.cohortextractor] 
2021-04-14T14:16:49.524670300Z 2021-04-14 14:16:49 [info     ] Created measure output at output/measure_1_event_code_2020-07-01.csv [cohortextractor.cohortextractor] 
2021-04-14T14:16:49.536961800Z 2021-04-14 14:16:49 [info     ] Created measure output at output/measure_1_practice_only_2020-07-01.csv [cohortextractor.cohortextractor] 
2021-04-14T14:16:49.549947100Z 2021-04-14 14:16:49 [info     ] Created measure output at output/measure_1_by_region_2020-07-01.csv [cohortextractor.cohortextractor] 
2021-04-14T14:16:49.567377200Z 2021-04-14 14:16:49 [info     ] Created measure output at output/measure_1_by_sex_2020-07-01.csv [cohortextractor.cohortextractor] 
2021-04-14T14:16:49.579541200Z 2021-04-14 14:16:49 [info     ] Created measure output at output/measure_1_by_age_band_2020-07-01.csv [cohortextractor.cohortextractor] 
2021-04-14T14:16:49.591963100Z 2021-04-14 14:16:49 [info     ] Created measure output at output/measure_1_by_imd_2020-07-01.csv [cohortextractor.cohortextractor] 
2021-04-14T14:16:49.606354600Z 2021-04-14 14:16:49 [info     ] Created measure output at output/measure_1_by_ethnicity_2020-07-01.csv [cohortextractor.cohortextractor] 
2021-04-14T14:16:49.651337000Z 2021-04-14 14:16:49 [info     ] Created measure output at output/measure_1_total_2020-02-01.csv [cohortextractor.cohortextractor] 
2021-04-14T14:16:49.664863500Z 2021-04-14 14:16:49 [info     ] Created measure output at output/measure_1_event_code_2020-02-01.csv [cohortextractor.cohortextractor] 
2021-04-14T14:16:49.676350200Z 2021-04-14 14:16:49 [info     ] Created measure output at output/measure_1_practice_only_2020-02-01.csv [cohortextractor.cohortextractor] 
2021-04-14T14:16:49.687196100Z 2021-04-14 14:16:49 [info     ] Created measure output at output/measure_1_by_region_2020-02-01.csv [cohortextractor.cohortextractor] 
2021-04-14T14:16:49.697258000Z 2021-04-14 14:16:49 [info     ] Created measure output at output/measure_1_by_sex_2020-02-01.csv [cohortextractor.cohortextractor] 
2021-04-14T14:16:49.705783400Z 2021-04-14 14:16:49 [info     ] Created measure output at output/measure_1_by_age_band_2020-02-01.csv [cohortextractor.cohortextractor] 
2021-04-14T14:16:49.718347400Z 2021-04-14 14:16:49 [info     ] Created measure output at output/measure_1_by_imd_2020-02-01.csv [cohortextractor.cohortextractor] 
2021-04-14T14:16:49.726460500Z 2021-04-14 14:16:49 [info     ] Created measure output at output/measure_1_by_ethnicity_2020-02-01.csv [cohortextractor.cohortextractor] 
2021-04-14T14:16:49.767470100Z 2021-04-14 14:16:49 [info     ] Created measure output at output/measure_1_total_2019-07-01.csv [cohortextractor.cohortextractor] 
2021-04-14T14:16:49.776590800Z 2021-04-14 14:16:49 [info     ] Created measure output at output/measure_1_event_code_2019-07-01.csv [cohortextractor.cohortextractor] 
2021-04-14T14:16:49.787194200Z 2021-04-14 14:16:49 [info     ] Created measure output at output/measure_1_practice_only_2019-07-01.csv [cohortextractor.cohortextractor] 
2021-04-14T14:16:49.800166200Z 2021-04-14 14:16:49 [info     ] Created measure output at output/measure_1_by_region_2019-07-01.csv [cohortextractor.cohortextractor] 
2021-04-14T14:16:49.814087400Z 2021-04-14 14:16:49 [info     ] Created measure output at output/measure_1_by_sex_2019-07-01.csv [cohortextractor.cohortextractor] 
2021-04-14T14:16:49.824572300Z 2021-04-14 14:16:49 [info     ] Created measure output at output/measure_1_by_age_band_2019-07-01.csv [cohortextractor.cohortextractor] 
2021-04-14T14:16:49.835407600Z 2021-04-14 14:16:49 [info     ] Created measure output at output/measure_1_by_imd_2019-07-01.csv [cohortextractor.cohortextractor] 
2021-04-14T14:16:49.853091500Z 2021-04-14 14:16:49 [info     ] Created measure output at output/measure_1_by_ethnicity_2019-07-01.csv [cohortextractor.cohortextractor] 
2021-04-14T14:16:49.881298100Z 2021-04-14 14:16:49 [info     ] Created measure output at output/measure_1_total_2020-12-01.csv [cohortextractor.cohortextractor] 
2021-04-14T14:16:49.898535100Z 2021-04-14 14:16:49 [info     ] Created measure output at output/measure_1_event_code_2020-12-01.csv [cohortextractor.cohortextractor] 
2021-04-14T14:16:49.907961300Z 2021-04-14 14:16:49 [info     ] Created measure output at output/measure_1_practice_only_2020-12-01.csv [cohortextractor.cohortextractor] 
2021-04-14T14:16:49.920335400Z 2021-04-14 14:16:49 [info     ] Created measure output at output/measure_1_by_region_2020-12-01.csv [cohortextractor.cohortextractor] 
2021-04-14T14:16:49.939906300Z 2021-04-14 14:16:49 [info     ] Created measure output at output/measure_1_by_sex_2020-12-01.csv [cohortextractor.cohortextractor] 
2021-04-14T14:16:49.965537500Z 2021-04-14 14:16:49 [info     ] Created measure output at output/measure_1_by_age_band_2020-12-01.csv [cohortextractor.cohortextractor] 
2021-04-14T14:16:49.974964100Z 2021-04-14 14:16:49 [info     ] Created measure output at output/measure_1_by_imd_2020-12-01.csv [cohortextractor.cohortextractor] 
2021-04-14T14:16:49.987042300Z 2021-04-14 14:16:49 [info     ] Created measure output at output/measure_1_by_ethnicity_2020-12-01.csv [cohortextractor.cohortextractor] 
2021-04-14T14:16:50.015147500Z 2021-04-14 14:16:50 [info     ] Created measure output at output/measure_1_total_2019-03-01.csv [cohortextractor.cohortextractor] 
2021-04-14T14:16:50.027161000Z 2021-04-14 14:16:50 [info     ] Created measure output at output/measure_1_event_code_2019-03-01.csv [cohortextractor.cohortextractor] 
2021-04-14T14:16:50.051599700Z 2021-04-14 14:16:50 [info     ] Created measure output at output/measure_1_practice_only_2019-03-01.csv [cohortextractor.cohortextractor] 
2021-04-14T14:16:50.069444200Z 2021-04-14 14:16:50 [info     ] Created measure output at output/measure_1_by_region_2019-03-01.csv [cohortextractor.cohortextractor] 
2021-04-14T14:16:50.084879000Z 2021-04-14 14:16:50 [info     ] Created measure output at output/measure_1_by_sex_2019-03-01.csv [cohortextractor.cohortextractor] 
2021-04-14T14:16:50.095188900Z 2021-04-14 14:16:50 [info     ] Created measure output at output/measure_1_by_age_band_2019-03-01.csv [cohortextractor.cohortextractor] 
2021-04-14T14:16:50.105825000Z 2021-04-14 14:16:50 [info     ] Created measure output at output/measure_1_by_imd_2019-03-01.csv [cohortextractor.cohortextractor] 
2021-04-14T14:16:50.119212000Z 2021-04-14 14:16:50 [info     ] Created measure output at output/measure_1_by_ethnicity_2019-03-01.csv [cohortextractor.cohortextractor] 
2021-04-14T14:16:50.144634700Z 2021-04-14 14:16:50 [info     ] Created measure output at output/measure_1_total_2020-10-01.csv [cohortextractor.cohortextractor] 
2021-04-14T14:16:50.159766000Z 2021-04-14 14:16:50 [info     ] Created measure output at output/measure_1_event_code_2020-10-01.csv [cohortextractor.cohortextractor] 
2021-04-14T14:16:50.171675500Z 2021-04-14 14:16:50 [info     ] Created measure output at output/measure_1_practice_only_2020-10-01.csv [cohortextractor.cohortextractor] 
2021-04-14T14:16:50.183529800Z 2021-04-14 14:16:50 [info     ] Created measure output at output/measure_1_by_region_2020-10-01.csv [cohortextractor.cohortextractor] 
2021-04-14T14:16:50.199825400Z 2021-04-14 14:16:50 [info     ] Created measure output at output/measure_1_by_sex_2020-10-01.csv [cohortextractor.cohortextractor] 
2021-04-14T14:16:50.214366800Z 2021-04-14 14:16:50 [info     ] Created measure output at output/measure_1_by_age_band_2020-10-01.csv [cohortextractor.cohortextractor] 
2021-04-14T14:16:50.226004100Z 2021-04-14 14:16:50 [info     ] Created measure output at output/measure_1_by_imd_2020-10-01.csv [cohortextractor.cohortextractor] 
2021-04-14T14:16:50.240137100Z 2021-04-14 14:16:50 [info     ] Created measure output at output/measure_1_by_ethnicity_2020-10-01.csv [cohortextractor.cohortextractor] 
2021-04-14T14:16:50.283954500Z 2021-04-14 14:16:50 [info     ] Created measure output at output/measure_1_total_2020-06-01.csv [cohortextractor.cohortextractor] 
2021-04-14T14:16:50.295430900Z 2021-04-14 14:16:50 [info     ] Created measure output at output/measure_1_event_code_2020-06-01.csv [cohortextractor.cohortextractor] 
2021-04-14T14:16:50.307376300Z 2021-04-14 14:16:50 [info     ] Created measure output at output/measure_1_practice_only_2020-06-01.csv [cohortextractor.cohortextractor] 
2021-04-14T14:16:50.319079300Z 2021-04-14 14:16:50 [info     ] Created measure output at output/measure_1_by_region_2020-06-01.csv [cohortextractor.cohortextractor] 
2021-04-14T14:16:50.329159100Z 2021-04-14 14:16:50 [info     ] Created measure output at output/measure_1_by_sex_2020-06-01.csv [cohortextractor.cohortextractor] 
2021-04-14T14:16:50.341563700Z 2021-04-14 14:16:50 [info     ] Created measure output at output/measure_1_by_age_band_2020-06-01.csv [cohortextractor.cohortextractor] 
2021-04-14T14:16:50.373549800Z 2021-04-14 14:16:50 [info     ] Created measure output at output/measure_1_by_imd_2020-06-01.csv [cohortextractor.cohortextractor] 
2021-04-14T14:16:50.391882200Z 2021-04-14 14:16:50 [info     ] Created measure output at output/measure_1_by_ethnicity_2020-06-01.csv [cohortextractor.cohortextractor] 
2021-04-14T14:16:50.419249300Z 2021-04-14 14:16:50 [info     ] Created measure output at output/measure_1_total_2019-12-01.csv [cohortextractor.cohortextractor] 
2021-04-14T14:16:50.434325100Z 2021-04-14 14:16:50 [info     ] Created measure output at output/measure_1_event_code_2019-12-01.csv [cohortextractor.cohortextractor] 
2021-04-14T14:16:50.444818900Z 2021-04-14 14:16:50 [info     ] Created measure output at output/measure_1_practice_only_2019-12-01.csv [cohortextractor.cohortextractor] 
2021-04-14T14:16:50.456293800Z 2021-04-14 14:16:50 [info     ] Created measure output at output/measure_1_by_region_2019-12-01.csv [cohortextractor.cohortextractor] 
2021-04-14T14:16:50.479190900Z 2021-04-14 14:16:50 [info     ] Created measure output at output/measure_1_by_sex_2019-12-01.csv [cohortextractor.cohortextractor] 
2021-04-14T14:16:50.490434600Z 2021-04-14 14:16:50 [info     ] Created measure output at output/measure_1_by_age_band_2019-12-01.csv [cohortextractor.cohortextractor] 
2021-04-14T14:16:50.503573700Z 2021-04-14 14:16:50 [info     ] Created measure output at output/measure_1_by_imd_2019-12-01.csv [cohortextractor.cohortextractor] 
2021-04-14T14:16:50.525195900Z 2021-04-14 14:16:50 [info     ] Created measure output at output/measure_1_by_ethnicity_2019-12-01.csv [cohortextractor.cohortextractor] 
2021-04-14T14:16:50.572096100Z 2021-04-14 14:16:50 [info     ] Created measure output at output/measure_1_total_2020-04-01.csv [cohortextractor.cohortextractor] 
2021-04-14T14:16:50.586318600Z 2021-04-14 14:16:50 [info     ] Created measure output at output/measure_1_event_code_2020-04-01.csv [cohortextractor.cohortextractor] 
2021-04-14T14:16:50.600391400Z 2021-04-14 14:16:50 [info     ] Created measure output at output/measure_1_practice_only_2020-04-01.csv [cohortextractor.cohortextractor] 
2021-04-14T14:16:50.614438000Z 2021-04-14 14:16:50 [info     ] Created measure output at output/measure_1_by_region_2020-04-01.csv [cohortextractor.cohortextractor] 
2021-04-14T14:16:50.629644200Z 2021-04-14 14:16:50 [info     ] Created measure output at output/measure_1_by_sex_2020-04-01.csv [cohortextractor.cohortextractor] 
2021-04-14T14:16:50.641596000Z 2021-04-14 14:16:50 [info     ] Created measure output at output/measure_1_by_age_band_2020-04-01.csv [cohortextractor.cohortextractor] 
2021-04-14T14:16:50.654617400Z 2021-04-14 14:16:50 [info     ] Created measure output at output/measure_1_by_imd_2020-04-01.csv [cohortextractor.cohortextractor] 
2021-04-14T14:16:50.663557500Z 2021-04-14 14:16:50 [info     ] Created measure output at output/measure_1_by_ethnicity_2020-04-01.csv [cohortextractor.cohortextractor] 
2021-04-14T14:16:50.695147500Z 2021-04-14 14:16:50 [info     ] Created measure output at output/measure_1_total_2019-01-01.csv [cohortextractor.cohortextractor] 
2021-04-14T14:16:50.720739700Z 2021-04-14 14:16:50 [info     ] Created measure output at output/measure_1_event_code_2019-01-01.csv [cohortextractor.cohortextractor] 
2021-04-14T14:16:50.734453400Z 2021-04-14 14:16:50 [info     ] Created measure output at output/measure_1_practice_only_2019-01-01.csv [cohortextractor.cohortextractor] 
2021-04-14T14:16:50.752733100Z 2021-04-14 14:16:50 [info     ] Created measure output at output/measure_1_by_region_2019-01-01.csv [cohortextractor.cohortextractor] 
2021-04-14T14:16:50.766002600Z 2021-04-14 14:16:50 [info     ] Created measure output at output/measure_1_by_sex_2019-01-01.csv [cohortextractor.cohortextractor] 
2021-04-14T14:16:50.775176600Z 2021-04-14 14:16:50 [info     ] Created measure output at output/measure_1_by_age_band_2019-01-01.csv [cohortextractor.cohortextractor] 
2021-04-14T14:16:50.787336100Z 2021-04-14 14:16:50 [info     ] Created measure output at output/measure_1_by_imd_2019-01-01.csv [cohortextractor.cohortextractor] 
2021-04-14T14:16:50.797231300Z 2021-04-14 14:16:50 [info     ] Created measure output at output/measure_1_by_ethnicity_2019-01-01.csv [cohortextractor.cohortextractor] 
2021-04-14T14:16:50.829907200Z 2021-04-14 14:16:50 [info     ] Created measure output at output/measure_1_total_2019-05-01.csv [cohortextractor.cohortextractor] 
2021-04-14T14:16:50.842443500Z 2021-04-14 14:16:50 [info     ] Created measure output at output/measure_1_event_code_2019-05-01.csv [cohortextractor.cohortextractor] 
2021-04-14T14:16:50.861939200Z 2021-04-14 14:16:50 [info     ] Created measure output at output/measure_1_practice_only_2019-05-01.csv [cohortextractor.cohortextractor] 
2021-04-14T14:16:50.872871300Z 2021-04-14 14:16:50 [info     ] Created measure output at output/measure_1_by_region_2019-05-01.csv [cohortextractor.cohortextractor] 
2021-04-14T14:16:50.883450200Z 2021-04-14 14:16:50 [info     ] Created measure output at output/measure_1_by_sex_2019-05-01.csv [cohortextractor.cohortextractor] 
2021-04-14T14:16:50.914316900Z 2021-04-14 14:16:50 [info     ] Created measure output at output/measure_1_by_age_band_2019-05-01.csv [cohortextractor.cohortextractor] 
2021-04-14T14:16:50.928579200Z 2021-04-14 14:16:50 [info     ] Created measure output at output/measure_1_by_imd_2019-05-01.csv [cohortextractor.cohortextractor] 
2021-04-14T14:16:50.942526300Z 2021-04-14 14:16:50 [info     ] Created measure output at output/measure_1_by_ethnicity_2019-05-01.csv [cohortextractor.cohortextractor] 
2021-04-14T14:16:50.962397900Z 2021-04-14 14:16:50 [info     ] Created measure output at output/measure_1_total_2019-11-01.csv [cohortextractor.cohortextractor] 
2021-04-14T14:16:50.975400600Z 2021-04-14 14:16:50 [info     ] Created measure output at output/measure_1_event_code_2019-11-01.csv [cohortextractor.cohortextractor] 
2021-04-14T14:16:50.990549700Z 2021-04-14 14:16:50 [info     ] Created measure output at output/measure_1_practice_only_2019-11-01.csv [cohortextractor.cohortextractor] 
2021-04-14T14:16:51.002560600Z 2021-04-14 14:16:50 [info     ] Created measure output at output/measure_1_by_region_2019-11-01.csv [cohortextractor.cohortextractor] 
2021-04-14T14:16:51.009529900Z 2021-04-14 14:16:51 [info     ] Created measure output at output/measure_1_by_sex_2019-11-01.csv [cohortextractor.cohortextractor] 
2021-04-14T14:16:51.024119000Z 2021-04-14 14:16:51 [info     ] Created measure output at output/measure_1_by_age_band_2019-11-01.csv [cohortextractor.cohortextractor] 
2021-04-14T14:16:51.062390100Z 2021-04-14 14:16:51 [info     ] Created measure output at output/measure_1_by_imd_2019-11-01.csv [cohortextractor.cohortextractor] 
2021-04-14T14:16:51.072385300Z 2021-04-14 14:16:51 [info     ] Created measure output at output/measure_1_by_ethnicity_2019-11-01.csv [cohortextractor.cohortextractor] 
2021-04-14T14:16:51.100847200Z 2021-04-14 14:16:51 [info     ] Created measure output at output/measure_1_total_2020-09-01.csv [cohortextractor.cohortextractor] 
2021-04-14T14:16:51.112826500Z 2021-04-14 14:16:51 [info     ] Created measure output at output/measure_1_event_code_2020-09-01.csv [cohortextractor.cohortextractor] 
2021-04-14T14:16:51.125477700Z 2021-04-14 14:16:51 [info     ] Created measure output at output/measure_1_practice_only_2020-09-01.csv [cohortextractor.cohortextractor] 
2021-04-14T14:16:51.135363800Z 2021-04-14 14:16:51 [info     ] Created measure output at output/measure_1_by_region_2020-09-01.csv [cohortextractor.cohortextractor] 
2021-04-14T14:16:51.155012500Z 2021-04-14 14:16:51 [info     ] Created measure output at output/measure_1_by_sex_2020-09-01.csv [cohortextractor.cohortextractor] 
2021-04-14T14:16:51.168444900Z 2021-04-14 14:16:51 [info     ] Created measure output at output/measure_1_by_age_band_2020-09-01.csv [cohortextractor.cohortextractor] 
2021-04-14T14:16:51.179206200Z 2021-04-14 14:16:51 [info     ] Created measure output at output/measure_1_by_imd_2020-09-01.csv [cohortextractor.cohortextractor] 
2021-04-14T14:16:51.198833600Z 2021-04-14 14:16:51 [info     ] Created measure output at output/measure_1_by_ethnicity_2020-09-01.csv [cohortextractor.cohortextractor] 
2021-04-14T14:16:51.236027300Z 2021-04-14 14:16:51 [info     ] Created measure output at output/measure_1_total_2019-10-01.csv [cohortextractor.cohortextractor] 
2021-04-14T14:16:51.264398400Z 2021-04-14 14:16:51 [info     ] Created measure output at output/measure_1_event_code_2019-10-01.csv [cohortextractor.cohortextractor] 
2021-04-14T14:16:51.277018000Z 2021-04-14 14:16:51 [info     ] Created measure output at output/measure_1_practice_only_2019-10-01.csv [cohortextractor.cohortextractor] 
2021-04-14T14:16:51.295332800Z 2021-04-14 14:16:51 [info     ] Created measure output at output/measure_1_by_region_2019-10-01.csv [cohortextractor.cohortextractor] 
2021-04-14T14:16:51.309258200Z 2021-04-14 14:16:51 [info     ] Created measure output at output/measure_1_by_sex_2019-10-01.csv [cohortextractor.cohortextractor] 
2021-04-14T14:16:51.325454600Z 2021-04-14 14:16:51 [info     ] Created measure output at output/measure_1_by_age_band_2019-10-01.csv [cohortextractor.cohortextractor] 
2021-04-14T14:16:51.333387700Z 2021-04-14 14:16:51 [info     ] Created measure output at output/measure_1_by_imd_2019-10-01.csv [cohortextractor.cohortextractor] 
2021-04-14T14:16:51.347431300Z 2021-04-14 14:16:51 [info     ] Created measure output at output/measure_1_by_ethnicity_2019-10-01.csv [cohortextractor.cohortextractor] 
2021-04-14T14:16:51.389562700Z 2021-04-14 14:16:51 [info     ] Created measure output at output/measure_1_total_2020-11-01.csv [cohortextractor.cohortextractor] 
2021-04-14T14:16:51.403955800Z 2021-04-14 14:16:51 [info     ] Created measure output at output/measure_1_event_code_2020-11-01.csv [cohortextractor.cohortextractor] 
2021-04-14T14:16:51.416838900Z 2021-04-14 14:16:51 [info     ] Created measure output at output/measure_1_practice_only_2020-11-01.csv [cohortextractor.cohortextractor] 
2021-04-14T14:16:51.428620300Z 2021-04-14 14:16:51 [info     ] Created measure output at output/measure_1_by_region_2020-11-01.csv [cohortextractor.cohortextractor] 
2021-04-14T14:16:51.438359100Z 2021-04-14 14:16:51 [info     ] Created measure output at output/measure_1_by_sex_2020-11-01.csv [cohortextractor.cohortextractor] 
2021-04-14T14:16:51.461232300Z 2021-04-14 14:16:51 [info     ] Created measure output at output/measure_1_by_age_band_2020-11-01.csv [cohortextractor.cohortextractor] 
2021-04-14T14:16:51.486034600Z 2021-04-14 14:16:51 [info     ] Created measure output at output/measure_1_by_imd_2020-11-01.csv [cohortextractor.cohortextractor] 
2021-04-14T14:16:51.497747900Z 2021-04-14 14:16:51 [info     ] Created measure output at output/measure_1_by_ethnicity_2020-11-01.csv [cohortextractor.cohortextractor] 
2021-04-14T14:16:51.529599800Z 2021-04-14 14:16:51 [info     ] Created measure output at output/measure_1_total_2020-08-01.csv [cohortextractor.cohortextractor] 
2021-04-14T14:16:51.540058600Z 2021-04-14 14:16:51 [info     ] Created measure output at output/measure_1_event_code_2020-08-01.csv [cohortextractor.cohortextractor] 
2021-04-14T14:16:51.549517900Z 2021-04-14 14:16:51 [info     ] Created measure output at output/measure_1_practice_only_2020-08-01.csv [cohortextractor.cohortextractor] 
2021-04-14T14:16:51.572905500Z 2021-04-14 14:16:51 [info     ] Created measure output at output/measure_1_by_region_2020-08-01.csv [cohortextractor.cohortextractor] 
2021-04-14T14:16:51.592447000Z 2021-04-14 14:16:51 [info     ] Created measure output at output/measure_1_by_sex_2020-08-01.csv [cohortextractor.cohortextractor] 
2021-04-14T14:16:51.606583100Z 2021-04-14 14:16:51 [info     ] Created measure output at output/measure_1_by_age_band_2020-08-01.csv [cohortextractor.cohortextractor] 
2021-04-14T14:16:51.616900600Z 2021-04-14 14:16:51 [info     ] Created measure output at output/measure_1_by_imd_2020-08-01.csv [cohortextractor.cohortextractor] 
2021-04-14T14:16:51.629319000Z 2021-04-14 14:16:51 [info     ] Created measure output at output/measure_1_by_ethnicity_2020-08-01.csv [cohortextractor.cohortextractor] 
2021-04-14T14:16:51.660728400Z 2021-04-14 14:16:51 [info     ] Created measure output at output/measure_1_total_2019-04-01.csv [cohortextractor.cohortextractor] 
2021-04-14T14:16:51.675587900Z 2021-04-14 14:16:51 [info     ] Created measure output at output/measure_1_event_code_2019-04-01.csv [cohortextractor.cohortextractor] 
2021-04-14T14:16:51.692015500Z 2021-04-14 14:16:51 [info     ] Created measure output at output/measure_1_practice_only_2019-04-01.csv [cohortextractor.cohortextractor] 
2021-04-14T14:16:51.710458500Z 2021-04-14 14:16:51 [info     ] Created measure output at output/measure_1_by_region_2019-04-01.csv [cohortextractor.cohortextractor] 
2021-04-14T14:16:51.723035600Z 2021-04-14 14:16:51 [info     ] Created measure output at output/measure_1_by_sex_2019-04-01.csv [cohortextractor.cohortextractor] 
2021-04-14T14:16:51.734435300Z 2021-04-14 14:16:51 [info     ] Created measure output at output/measure_1_by_age_band_2019-04-01.csv [cohortextractor.cohortextractor] 
2021-04-14T14:16:51.744096600Z 2021-04-14 14:16:51 [info     ] Created measure output at output/measure_1_by_imd_2019-04-01.csv [cohortextractor.cohortextractor] 
2021-04-14T14:16:51.754204900Z 2021-04-14 14:16:51 [info     ] Created measure output at output/measure_1_by_ethnicity_2019-04-01.csv [cohortextractor.cohortextractor] 
2021-04-14T14:16:51.776253400Z 2021-04-14 14:16:51 [info     ] Created measure output at output/measure_1_total_2020-03-01.csv [cohortextractor.cohortextractor] 
2021-04-14T14:16:51.786095400Z 2021-04-14 14:16:51 [info     ] Created measure output at output/measure_1_event_code_2020-03-01.csv [cohortextractor.cohortextractor] 
2021-04-14T14:16:51.795940400Z 2021-04-14 14:16:51 [info     ] Created measure output at output/measure_1_practice_only_2020-03-01.csv [cohortextractor.cohortextractor] 
2021-04-14T14:16:51.811168600Z 2021-04-14 14:16:51 [info     ] Created measure output at output/measure_1_by_region_2020-03-01.csv [cohortextractor.cohortextractor] 
2021-04-14T14:16:51.825557900Z 2021-04-14 14:16:51 [info     ] Created measure output at output/measure_1_by_sex_2020-03-01.csv [cohortextractor.cohortextractor] 
2021-04-14T14:16:51.836316500Z 2021-04-14 14:16:51 [info     ] Created measure output at output/measure_1_by_age_band_2020-03-01.csv [cohortextractor.cohortextractor] 
2021-04-14T14:16:51.848459400Z 2021-04-14 14:16:51 [info     ] Created measure output at output/measure_1_by_imd_2020-03-01.csv [cohortextractor.cohortextractor] 
2021-04-14T14:16:51.865175700Z 2021-04-14 14:16:51 [info     ] Created measure output at output/measure_1_by_ethnicity_2020-03-01.csv [cohortextractor.cohortextractor] 
2021-04-14T14:16:51.887709600Z 2021-04-14 14:16:51 [info     ] Created measure output at output/measure_1_total_2019-09-01.csv [cohortextractor.cohortextractor] 
2021-04-14T14:16:51.912460900Z 2021-04-14 14:16:51 [info     ] Created measure output at output/measure_1_event_code_2019-09-01.csv [cohortextractor.cohortextractor] 
2021-04-14T14:16:51.932661900Z 2021-04-14 14:16:51 [info     ] Created measure output at output/measure_1_practice_only_2019-09-01.csv [cohortextractor.cohortextractor] 
2021-04-14T14:16:51.947596400Z 2021-04-14 14:16:51 [info     ] Created measure output at output/measure_1_by_region_2019-09-01.csv [cohortextractor.cohortextractor] 
2021-04-14T14:16:51.957486900Z 2021-04-14 14:16:51 [info     ] Created measure output at output/measure_1_by_sex_2019-09-01.csv [cohortextractor.cohortextractor] 
2021-04-14T14:16:51.971425900Z 2021-04-14 14:16:51 [info     ] Created measure output at output/measure_1_by_age_band_2019-09-01.csv [cohortextractor.cohortextractor] 
2021-04-14T14:16:51.984411600Z 2021-04-14 14:16:51 [info     ] Created measure output at output/measure_1_by_imd_2019-09-01.csv [cohortextractor.cohortextractor] 
2021-04-14T14:16:51.991475000Z 2021-04-14 14:16:51 [info     ] Created measure output at output/measure_1_by_ethnicity_2019-09-01.csv [cohortextractor.cohortextractor] 
2021-04-14T14:16:52.017454900Z 2021-04-14 14:16:52 [info     ] Created measure output at output/measure_1_total_2019-08-01.csv [cohortextractor.cohortextractor] 
2021-04-14T14:16:52.033626600Z 2021-04-14 14:16:52 [info     ] Created measure output at output/measure_1_event_code_2019-08-01.csv [cohortextractor.cohortextractor] 
2021-04-14T14:16:52.053652800Z 2021-04-14 14:16:52 [info     ] Created measure output at output/measure_1_practice_only_2019-08-01.csv [cohortextractor.cohortextractor] 
2021-04-14T14:16:52.067072800Z 2021-04-14 14:16:52 [info     ] Created measure output at output/measure_1_by_region_2019-08-01.csv [cohortextractor.cohortextractor] 
2021-04-14T14:16:52.080438700Z 2021-04-14 14:16:52 [info     ] Created measure output at output/measure_1_by_sex_2019-08-01.csv [cohortextractor.cohortextractor] 
2021-04-14T14:16:52.092053100Z 2021-04-14 14:16:52 [info     ] Created measure output at output/measure_1_by_age_band_2019-08-01.csv [cohortextractor.cohortextractor] 
2021-04-14T14:16:52.101670800Z 2021-04-14 14:16:52 [info     ] Created measure output at output/measure_1_by_imd_2019-08-01.csv [cohortextractor.cohortextractor] 
2021-04-14T14:16:52.110142500Z 2021-04-14 14:16:52 [info     ] Created measure output at output/measure_1_by_ethnicity_2019-08-01.csv [cohortextractor.cohortextractor] 
2021-04-14T14:16:52.131602800Z 2021-04-14 14:16:52 [info     ] Created measure output at output/measure_1_total_2020-01-01.csv [cohortextractor.cohortextractor] 
2021-04-14T14:16:52.141648900Z 2021-04-14 14:16:52 [info     ] Created measure output at output/measure_1_event_code_2020-01-01.csv [cohortextractor.cohortextractor] 
2021-04-14T14:16:52.160580500Z 2021-04-14 14:16:52 [info     ] Created measure output at output/measure_1_practice_only_2020-01-01.csv [cohortextractor.cohortextractor] 
2021-04-14T14:16:52.175449000Z 2021-04-14 14:16:52 [info     ] Created measure output at output/measure_1_by_region_2020-01-01.csv [cohortextractor.cohortextractor] 
2021-04-14T14:16:52.187420800Z 2021-04-14 14:16:52 [info     ] Created measure output at output/measure_1_by_sex_2020-01-01.csv [cohortextractor.cohortextractor] 
2021-04-14T14:16:52.207780200Z 2021-04-14 14:16:52 [info     ] Created measure output at output/measure_1_by_age_band_2020-01-01.csv [cohortextractor.cohortextractor] 
2021-04-14T14:16:52.219536700Z 2021-04-14 14:16:52 [info     ] Created measure output at output/measure_1_by_imd_2020-01-01.csv [cohortextractor.cohortextractor] 
2021-04-14T14:16:52.235091000Z 2021-04-14 14:16:52 [info     ] Created measure output at output/measure_1_by_ethnicity_2020-01-01.csv [cohortextractor.cohortextractor] 
2021-04-14T14:16:52.283597700Z 2021-04-14 14:16:52 [info     ] Created measure output at output/measure_1_total_2019-02-01.csv [cohortextractor.cohortextractor] 
2021-04-14T14:16:52.295664800Z 2021-04-14 14:16:52 [info     ] Created measure output at output/measure_1_event_code_2019-02-01.csv [cohortextractor.cohortextractor] 
2021-04-14T14:16:52.306399500Z 2021-04-14 14:16:52 [info     ] Created measure output at output/measure_1_practice_only_2019-02-01.csv [cohortextractor.cohortextractor] 
2021-04-14T14:16:52.321457400Z 2021-04-14 14:16:52 [info     ] Created measure output at output/measure_1_by_region_2019-02-01.csv [cohortextractor.cohortextractor] 
2021-04-14T14:16:52.333605900Z 2021-04-14 14:16:52 [info     ] Created measure output at output/measure_1_by_sex_2019-02-01.csv [cohortextractor.cohortextractor] 
2021-04-14T14:16:52.344332400Z 2021-04-14 14:16:52 [info     ] Created measure output at output/measure_1_by_age_band_2019-02-01.csv [cohortextractor.cohortextractor] 
2021-04-14T14:16:52.355565800Z 2021-04-14 14:16:52 [info     ] Created measure output at output/measure_1_by_imd_2019-02-01.csv [cohortextractor.cohortextractor] 
2021-04-14T14:16:52.365340900Z 2021-04-14 14:16:52 [info     ] Created measure output at output/measure_1_by_ethnicity_2019-02-01.csv [cohortextractor.cohortextractor] 
2021-04-14T14:16:52.406690500Z 2021-04-14 14:16:52 [info     ] Created measure output at output/measure_1_total_2020-05-01.csv [cohortextractor.cohortextractor] 
2021-04-14T14:16:52.417919300Z 2021-04-14 14:16:52 [info     ] Created measure output at output/measure_1_event_code_2020-05-01.csv [cohortextractor.cohortextractor] 
2021-04-14T14:16:52.430343500Z 2021-04-14 14:16:52 [info     ] Created measure output at output/measure_1_practice_only_2020-05-01.csv [cohortextractor.cohortextractor] 
2021-04-14T14:16:52.441580000Z 2021-04-14 14:16:52 [info     ] Created measure output at output/measure_1_by_region_2020-05-01.csv [cohortextractor.cohortextractor] 
2021-04-14T14:16:52.452415700Z 2021-04-14 14:16:52 [info     ] Created measure output at output/measure_1_by_sex_2020-05-01.csv [cohortextractor.cohortextractor] 
2021-04-14T14:16:52.465784500Z 2021-04-14 14:16:52 [info     ] Created measure output at output/measure_1_by_age_band_2020-05-01.csv [cohortextractor.cohortextractor] 
2021-04-14T14:16:52.476280700Z 2021-04-14 14:16:52 [info     ] Created measure output at output/measure_1_by_imd_2020-05-01.csv [cohortextractor.cohortextractor] 
2021-04-14T14:16:52.487142500Z 2021-04-14 14:16:52 [info     ] Created measure output at output/measure_1_by_ethnicity_2020-05-01.csv [cohortextractor.cohortextractor] 
2021-04-14T14:16:52.531000200Z 2021-04-14 14:16:52 [info     ] Created measure output at output/measure_1_total_2019-06-01.csv [cohortextractor.cohortextractor] 
2021-04-14T14:16:52.542316500Z 2021-04-14 14:16:52 [info     ] Created measure output at output/measure_1_event_code_2019-06-01.csv [cohortextractor.cohortextractor] 
2021-04-14T14:16:52.559427700Z 2021-04-14 14:16:52 [info     ] Created measure output at output/measure_1_practice_only_2019-06-01.csv [cohortextractor.cohortextractor] 
2021-04-14T14:16:52.575053500Z 2021-04-14 14:16:52 [info     ] Created measure output at output/measure_1_by_region_2019-06-01.csv [cohortextractor.cohortextractor] 
2021-04-14T14:16:52.601534900Z 2021-04-14 14:16:52 [info     ] Created measure output at output/measure_1_by_sex_2019-06-01.csv [cohortextractor.cohortextractor] 
2021-04-14T14:16:52.627549900Z 2021-04-14 14:16:52 [info     ] Created measure output at output/measure_1_by_age_band_2019-06-01.csv [cohortextractor.cohortextractor] 
2021-04-14T14:16:52.642622400Z 2021-04-14 14:16:52 [info     ] Created measure output at output/measure_1_by_imd_2019-06-01.csv [cohortextractor.cohortextractor] 
2021-04-14T14:16:52.660336200Z 2021-04-14 14:16:52 [info     ] Created measure output at output/measure_1_by_ethnicity_2019-06-01.csv [cohortextractor.cohortextractor] 
2021-04-14T14:16:52.756645100Z 2021-04-14 14:16:52 [info     ] Combined measure output for all dates in output/measure_1_total.csv [cohortextractor.cohortextractor] 
2021-04-14T14:16:52.762518900Z 2021-04-14 14:16:52 [info     ] Combined measure output for all dates in output/measure_1_event_code.csv [cohortextractor.cohortextractor] 
2021-04-14T14:16:52.772857300Z 2021-04-14 14:16:52 [info     ] Combined measure output for all dates in output/measure_1_practice_only.csv [cohortextractor.cohortextractor] 
2021-04-14T14:16:52.776992600Z 2021-04-14 14:16:52 [info     ] Combined measure output for all dates in output/measure_1_by_region.csv [cohortextractor.cohortextractor] 
2021-04-14T14:16:52.779452800Z 2021-04-14 14:16:52 [info     ] Combined measure output for all dates in output/measure_1_by_sex.csv [cohortextractor.cohortextractor] 
2021-04-14T14:16:52.782625000Z 2021-04-14 14:16:52 [info     ] Combined measure output for all dates in output/measure_1_by_age_band.csv [cohortextractor.cohortextractor] 
2021-04-14T14:16:52.786438800Z 2021-04-14 14:16:52 [info     ] Combined measure output for all dates in output/measure_1_by_imd.csv [cohortextractor.cohortextractor] 
2021-04-14T14:16:52.788962500Z 2021-04-14 14:16:52 [info     ] Combined measure output for all dates in output/measure_1_by_ethnicity.csv [cohortextractor.cohortextractor] 


state: succeeded
commit: none
docker_image_id: sha256:a8644f2122ebe4472dab45af2b99850f7511992d5557e29b9a654f2ea25bd82b
exit_code: 0
job_id: muxnicoewcdgbtas
run_by_user: None
created_at: 2021-04-14T14:08:04Z
started_at: 2021-04-14T14:16:46Z
completed_at: 2021-04-14T14:17:08Z

Completed successfully

outputs:
  output/measure_1_by_age_band.csv               - moderately_sensitive
  output/measure_1_by_age_band_2019-01-01.csv    - moderately_sensitive
  output/measure_1_by_age_band_2019-02-01.csv    - moderately_sensitive
  output/measure_1_by_age_band_2019-03-01.csv    - moderately_sensitive
  output/measure_1_by_age_band_2019-04-01.csv    - moderately_sensitive
  output/measure_1_by_age_band_2019-05-01.csv    - moderately_sensitive
  output/measure_1_by_age_band_2019-06-01.csv    - moderately_sensitive
  output/measure_1_by_age_band_2019-07-01.csv    - moderately_sensitive
  output/measure_1_by_age_band_2019-08-01.csv    - moderately_sensitive
  output/measure_1_by_age_band_2019-09-01.csv    - moderately_sensitive
  output/measure_1_by_age_band_2019-10-01.csv    - moderately_sensitive
  output/measure_1_by_age_band_2019-11-01.csv    - moderately_sensitive
  output/measure_1_by_age_band_2019-12-01.csv    - moderately_sensitive
  output/measure_1_by_age_band_2020-01-01.csv    - moderately_sensitive
  output/measure_1_by_age_band_2020-02-01.csv    - moderately_sensitive
  output/measure_1_by_age_band_2020-03-01.csv    - moderately_sensitive
  output/measure_1_by_age_band_2020-04-01.csv    - moderately_sensitive
  output/measure_1_by_age_band_2020-05-01.csv    - moderately_sensitive
  output/measure_1_by_age_band_2020-06-01.csv    - moderately_sensitive
  output/measure_1_by_age_band_2020-07-01.csv    - moderately_sensitive
  output/measure_1_by_age_band_2020-08-01.csv    - moderately_sensitive
  output/measure_1_by_age_band_2020-09-01.csv    - moderately_sensitive
  output/measure_1_by_age_band_2020-10-01.csv    - moderately_sensitive
  output/measure_1_by_age_band_2020-11-01.csv    - moderately_sensitive
  output/measure_1_by_age_band_2020-12-01.csv    - moderately_sensitive
  output/measure_1_by_ethnicity.csv              - moderately_sensitive
  output/measure_1_by_ethnicity_2019-01-01.csv   - moderately_sensitive
  output/measure_1_by_ethnicity_2019-02-01.csv   - moderately_sensitive
  output/measure_1_by_ethnicity_2019-03-01.csv   - moderately_sensitive
  output/measure_1_by_ethnicity_2019-04-01.csv   - moderately_sensitive
  output/measure_1_by_ethnicity_2019-05-01.csv   - moderately_sensitive
  output/measure_1_by_ethnicity_2019-06-01.csv   - moderately_sensitive
  output/measure_1_by_ethnicity_2019-07-01.csv   - moderately_sensitive
  output/measure_1_by_ethnicity_2019-08-01.csv   - moderately_sensitive
  output/measure_1_by_ethnicity_2019-09-01.csv   - moderately_sensitive
  output/measure_1_by_ethnicity_2019-10-01.csv   - moderately_sensitive
  output/measure_1_by_ethnicity_2019-11-01.csv   - moderately_sensitive
  output/measure_1_by_ethnicity_2019-12-01.csv   - moderately_sensitive
  output/measure_1_by_ethnicity_2020-01-01.csv   - moderately_sensitive
  output/measure_1_by_ethnicity_2020-02-01.csv   - moderately_sensitive
  output/measure_1_by_ethnicity_2020-03-01.csv   - moderately_sensitive
  output/measure_1_by_ethnicity_2020-04-01.csv   - moderately_sensitive
  output/measure_1_by_ethnicity_2020-05-01.csv   - moderately_sensitive
  output/measure_1_by_ethnicity_2020-06-01.csv   - moderately_sensitive
  output/measure_1_by_ethnicity_2020-07-01.csv   - moderately_sensitive
  output/measure_1_by_ethnicity_2020-08-01.csv   - moderately_sensitive
  output/measure_1_by_ethnicity_2020-09-01.csv   - moderately_sensitive
  output/measure_1_by_ethnicity_2020-10-01.csv   - moderately_sensitive
  output/measure_1_by_ethnicity_2020-11-01.csv   - moderately_sensitive
  output/measure_1_by_ethnicity_2020-12-01.csv   - moderately_sensitive
  output/measure_1_by_imd.csv                    - moderately_sensitive
  output/measure_1_by_imd_2019-01-01.csv         - moderately_sensitive
  output/measure_1_by_imd_2019-02-01.csv         - moderately_sensitive
  output/measure_1_by_imd_2019-03-01.csv         - moderately_sensitive
  output/measure_1_by_imd_2019-04-01.csv         - moderately_sensitive
  output/measure_1_by_imd_2019-05-01.csv         - moderately_sensitive
  output/measure_1_by_imd_2019-06-01.csv         - moderately_sensitive
  output/measure_1_by_imd_2019-07-01.csv         - moderately_sensitive
  output/measure_1_by_imd_2019-08-01.csv         - moderately_sensitive
  output/measure_1_by_imd_2019-09-01.csv         - moderately_sensitive
  output/measure_1_by_imd_2019-10-01.csv         - moderately_sensitive
  output/measure_1_by_imd_2019-11-01.csv         - moderately_sensitive
  output/measure_1_by_imd_2019-12-01.csv         - moderately_sensitive
  output/measure_1_by_imd_2020-01-01.csv         - moderately_sensitive
  output/measure_1_by_imd_2020-02-01.csv         - moderately_sensitive
  output/measure_1_by_imd_2020-03-01.csv         - moderately_sensitive
  output/measure_1_by_imd_2020-04-01.csv         - moderately_sensitive
  output/measure_1_by_imd_2020-05-01.csv         - moderately_sensitive
  output/measure_1_by_imd_2020-06-01.csv         - moderately_sensitive
  output/measure_1_by_imd_2020-07-01.csv         - moderately_sensitive
  output/measure_1_by_imd_2020-08-01.csv         - moderately_sensitive
  output/measure_1_by_imd_2020-09-01.csv         - moderately_sensitive
  output/measure_1_by_imd_2020-10-01.csv         - moderately_sensitive
  output/measure_1_by_imd_2020-11-01.csv         - moderately_sensitive
  output/measure_1_by_imd_2020-12-01.csv         - moderately_sensitive
  output/measure_1_by_region.csv                 - moderately_sensitive
  output/measure_1_by_region_2019-01-01.csv      - moderately_sensitive
  output/measure_1_by_region_2019-02-01.csv      - moderately_sensitive
  output/measure_1_by_region_2019-03-01.csv      - moderately_sensitive
  output/measure_1_by_region_2019-04-01.csv      - moderately_sensitive
  output/measure_1_by_region_2019-05-01.csv      - moderately_sensitive
  output/measure_1_by_region_2019-06-01.csv      - moderately_sensitive
  output/measure_1_by_region_2019-07-01.csv      - moderately_sensitive
  output/measure_1_by_region_2019-08-01.csv      - moderately_sensitive
  output/measure_1_by_region_2019-09-01.csv      - moderately_sensitive
  output/measure_1_by_region_2019-10-01.csv      - moderately_sensitive
  output/measure_1_by_region_2019-11-01.csv      - moderately_sensitive
  output/measure_1_by_region_2019-12-01.csv      - moderately_sensitive
  output/measure_1_by_region_2020-01-01.csv      - moderately_sensitive
  output/measure_1_by_region_2020-02-01.csv      - moderately_sensitive
  output/measure_1_by_region_2020-03-01.csv      - moderately_sensitive
  output/measure_1_by_region_2020-04-01.csv      - moderately_sensitive
  output/measure_1_by_region_2020-05-01.csv      - moderately_sensitive
  output/measure_1_by_region_2020-06-01.csv      - moderately_sensitive
  output/measure_1_by_region_2020-07-01.csv      - moderately_sensitive
  output/measure_1_by_region_2020-08-01.csv      - moderately_sensitive
  output/measure_1_by_region_2020-09-01.csv      - moderately_sensitive
  output/measure_1_by_region_2020-10-01.csv      - moderately_sensitive
  output/measure_1_by_region_2020-11-01.csv      - moderately_sensitive
  output/measure_1_by_region_2020-12-01.csv      - moderately_sensitive
  output/measure_1_by_sex.csv                    - moderately_sensitive
  output/measure_1_by_sex_2019-01-01.csv         - moderately_sensitive
  output/measure_1_by_sex_2019-02-01.csv         - moderately_sensitive
  output/measure_1_by_sex_2019-03-01.csv         - moderately_sensitive
  output/measure_1_by_sex_2019-04-01.csv         - moderately_sensitive
  output/measure_1_by_sex_2019-05-01.csv         - moderately_sensitive
  output/measure_1_by_sex_2019-06-01.csv         - moderately_sensitive
  output/measure_1_by_sex_2019-07-01.csv         - moderately_sensitive
  output/measure_1_by_sex_2019-08-01.csv         - moderately_sensitive
  output/measure_1_by_sex_2019-09-01.csv         - moderately_sensitive
  output/measure_1_by_sex_2019-10-01.csv         - moderately_sensitive
  output/measure_1_by_sex_2019-11-01.csv         - moderately_sensitive
  output/measure_1_by_sex_2019-12-01.csv         - moderately_sensitive
  output/measure_1_by_sex_2020-01-01.csv         - moderately_sensitive
  output/measure_1_by_sex_2020-02-01.csv         - moderately_sensitive
  output/measure_1_by_sex_2020-03-01.csv         - moderately_sensitive
  output/measure_1_by_sex_2020-04-01.csv         - moderately_sensitive
  output/measure_1_by_sex_2020-05-01.csv         - moderately_sensitive
  output/measure_1_by_sex_2020-06-01.csv         - moderately_sensitive
  output/measure_1_by_sex_2020-07-01.csv         - moderately_sensitive
  output/measure_1_by_sex_2020-08-01.csv         - moderately_sensitive
  output/measure_1_by_sex_2020-09-01.csv         - moderately_sensitive
  output/measure_1_by_sex_2020-10-01.csv         - moderately_sensitive
  output/measure_1_by_sex_2020-11-01.csv         - moderately_sensitive
  output/measure_1_by_sex_2020-12-01.csv         - moderately_sensitive
  output/measure_1_event_code.csv                - moderately_sensitive
  output/measure_1_event_code_2019-01-01.csv     - moderately_sensitive
  output/measure_1_event_code_2019-02-01.csv     - moderately_sensitive
  output/measure_1_event_code_2019-03-01.csv     - moderately_sensitive
  output/measure_1_event_code_2019-04-01.csv     - moderately_sensitive
  output/measure_1_event_code_2019-05-01.csv     - moderately_sensitive
  output/measure_1_event_code_2019-06-01.csv     - moderately_sensitive
  output/measure_1_event_code_2019-07-01.csv     - moderately_sensitive
  output/measure_1_event_code_2019-08-01.csv     - moderately_sensitive
  output/measure_1_event_code_2019-09-01.csv     - moderately_sensitive
  output/measure_1_event_code_2019-10-01.csv     - moderately_sensitive
  output/measure_1_event_code_2019-11-01.csv     - moderately_sensitive
  output/measure_1_event_code_2019-12-01.csv     - moderately_sensitive
  output/measure_1_event_code_2020-01-01.csv     - moderately_sensitive
  output/measure_1_event_code_2020-02-01.csv     - moderately_sensitive
  output/measure_1_event_code_2020-03-01.csv     - moderately_sensitive
  output/measure_1_event_code_2020-04-01.csv     - moderately_sensitive
  output/measure_1_event_code_2020-05-01.csv     - moderately_sensitive
  output/measure_1_event_code_2020-06-01.csv     - moderately_sensitive
  output/measure_1_event_code_2020-07-01.csv     - moderately_sensitive
  output/measure_1_event_code_2020-08-01.csv     - moderately_sensitive
  output/measure_1_event_code_2020-09-01.csv     - moderately_sensitive
  output/measure_1_event_code_2020-10-01.csv     - moderately_sensitive
  output/measure_1_event_code_2020-11-01.csv     - moderately_sensitive
  output/measure_1_event_code_2020-12-01.csv     - moderately_sensitive
  output/measure_1_practice_only.csv             - moderately_sensitive
  output/measure_1_practice_only_2019-01-01.csv  - moderately_sensitive
  output/measure_1_practice_only_2019-02-01.csv  - moderately_sensitive
  output/measure_1_practice_only_2019-03-01.csv  - moderately_sensitive
  output/measure_1_practice_only_2019-04-01.csv  - moderately_sensitive
  output/measure_1_practice_only_2019-05-01.csv  - moderately_sensitive
  output/measure_1_practice_only_2019-06-01.csv  - moderately_sensitive
  output/measure_1_practice_only_2019-07-01.csv  - moderately_sensitive
  output/measure_1_practice_only_2019-08-01.csv  - moderately_sensitive
  output/measure_1_practice_only_2019-09-01.csv  - moderately_sensitive
  output/measure_1_practice_only_2019-10-01.csv  - moderately_sensitive
  output/measure_1_practice_only_2019-11-01.csv  - moderately_sensitive
  output/measure_1_practice_only_2019-12-01.csv  - moderately_sensitive
  output/measure_1_practice_only_2020-01-01.csv  - moderately_sensitive
  output/measure_1_practice_only_2020-02-01.csv  - moderately_sensitive
  output/measure_1_practice_only_2020-03-01.csv  - moderately_sensitive
  output/measure_1_practice_only_2020-04-01.csv  - moderately_sensitive
  output/measure_1_practice_only_2020-05-01.csv  - moderately_sensitive
  output/measure_1_practice_only_2020-06-01.csv  - moderately_sensitive
  output/measure_1_practice_only_2020-07-01.csv  - moderately_sensitive
  output/measure_1_practice_only_2020-08-01.csv  - moderately_sensitive
  output/measure_1_practice_only_2020-09-01.csv  - moderately_sensitive
  output/measure_1_practice_only_2020-10-01.csv  - moderately_sensitive
  output/measure_1_practice_only_2020-11-01.csv  - moderately_sensitive
  output/measure_1_practice_only_2020-12-01.csv  - moderately_sensitive
  output/measure_1_total.csv                     - moderately_sensitive
  output/measure_1_total_2019-01-01.csv          - moderately_sensitive
  output/measure_1_total_2019-02-01.csv          - moderately_sensitive
  output/measure_1_total_2019-03-01.csv          - moderately_sensitive
  output/measure_1_total_2019-04-01.csv          - moderately_sensitive
  output/measure_1_total_2019-05-01.csv          - moderately_sensitive
  output/measure_1_total_2019-06-01.csv          - moderately_sensitive
  output/measure_1_total_2019-07-01.csv          - moderately_sensitive
  output/measure_1_total_2019-08-01.csv          - moderately_sensitive
  output/measure_1_total_2019-09-01.csv          - moderately_sensitive
  output/measure_1_total_2019-10-01.csv          - moderately_sensitive
  output/measure_1_total_2019-11-01.csv          - moderately_sensitive
  output/measure_1_total_2019-12-01.csv          - moderately_sensitive
  output/measure_1_total_2020-01-01.csv          - moderately_sensitive
  output/measure_1_total_2020-02-01.csv          - moderately_sensitive
  output/measure_1_total_2020-03-01.csv          - moderately_sensitive
  output/measure_1_total_2020-04-01.csv          - moderately_sensitive
  output/measure_1_total_2020-05-01.csv          - moderately_sensitive
  output/measure_1_total_2020-06-01.csv          - moderately_sensitive
  output/measure_1_total_2020-07-01.csv          - moderately_sensitive
  output/measure_1_total_2020-08-01.csv          - moderately_sensitive
  output/measure_1_total_2020-09-01.csv          - moderately_sensitive
  output/measure_1_total_2020-10-01.csv          - moderately_sensitive
  output/measure_1_total_2020-11-01.csv          - moderately_sensitive
  output/measure_1_total_2020-12-01.csv          - moderately_sensitive